time=2022-11-16T00:09:57+08:00 level=info msg=initializing modules ... bot=internal
time=2022-11-16T00:09:57+08:00 level=info msg=all modules initialized bot=internal
time=2022-11-16T00:09:57+08:00 level=info msg=registering modules serve functions ... bot=internal
time=2022-11-16T00:09:57+08:00 level=info msg=all modules serve functions registered bot=internal
time=2022-11-16T00:09:57+08:00 level=info msg=starting modules tasks ... bot=internal
time=2022-11-16T00:09:57+08:00 level=info msg=tasks running bot=internal
time=2022-11-16T00:09:57+08:00 level=warning msg=登录需要滑条验证码, 请使用手机QQ扫描二维码以继续登录. bot=internal
time=2022-11-16T00:09:57+08:00 level=info msg=请使用手机QQ扫描二维码 (qrcode.png) :  bot=internal
time=2022-11-16T00:11:07+08:00 level=info msg=initializing modules ... bot=internal
time=2022-11-16T00:11:07+08:00 level=info msg=all modules initialized bot=internal
time=2022-11-16T00:11:07+08:00 level=info msg=registering modules serve functions ... bot=internal
time=2022-11-16T00:11:07+08:00 level=info msg=all modules serve functions registered bot=internal
time=2022-11-16T00:11:07+08:00 level=info msg=starting modules tasks ... bot=internal
time=2022-11-16T00:11:07+08:00 level=info msg=tasks running bot=internal
time=2022-11-16T00:11:07+08:00 level=warning msg=登录需要滑条验证码, 请使用手机QQ扫描二维码以继续登录. bot=internal
time=2022-11-16T00:11:07+08:00 level=info msg=请使用手机QQ扫描二维码 (qrcode.png) :  bot=internal
time=2022-11-16T00:11:20+08:00 level=info msg=扫码成功, 请在手机端确认登录. bot=internal
time=2022-11-16T00:11:27+08:00 level=info msg=start reload friends list bot=internal
time=2022-11-16T00:11:27+08:00 level=info msg=load 38 friends bot=internal
time=2022-11-16T00:11:27+08:00 level=info msg=start reload groups list bot=internal
time=2022-11-16T00:11:28+08:00 level=info msg=load 8 groups bot=internal
time=2022-11-16T00:13:49+08:00 level=info msg=initializing modules ... bot=internal
time=2022-11-16T00:13:49+08:00 level=info msg=all modules initialized bot=internal
time=2022-11-16T00:13:49+08:00 level=info msg=registering modules serve functions ... bot=internal
time=2022-11-16T00:13:49+08:00 level=info msg=all modules serve functions registered bot=internal
time=2022-11-16T00:13:49+08:00 level=info msg=starting modules tasks ... bot=internal
time=2022-11-16T00:13:49+08:00 level=info msg=tasks running bot=internal
time=2022-11-16T00:13:49+08:00 level=warning msg=登录需要滑条验证码, 请使用手机QQ扫描二维码以继续登录. bot=internal
time=2022-11-16T00:13:50+08:00 level=info msg=请使用手机QQ扫描二维码 (qrcode.png) :  bot=internal
time=2022-11-16T00:14:18+08:00 level=info msg=扫码成功, 请在手机端确认登录. bot=internal
time=2022-11-16T00:14:25+08:00 level=info msg=start reload friends list bot=internal
time=2022-11-16T00:14:26+08:00 level=info msg=load 38 friends bot=internal
time=2022-11-16T00:14:26+08:00 level=info msg=start reload groups list bot=internal
time=2022-11-16T00:14:26+08:00 level=info msg=load 8 groups bot=internal
time=2022-11-16T23:57:47+08:00 level=info msg=initializing modules ... bot=internal
time=2022-11-16T23:57:47+08:00 level=info msg=all modules initialized bot=internal
time=2022-11-16T23:57:47+08:00 level=info msg=registering modules serve functions ... bot=internal
time=2022-11-16T23:57:47+08:00 level=info msg=all modules serve functions registered bot=internal
time=2022-11-16T23:57:47+08:00 level=info msg=starting modules tasks ... bot=internal
time=2022-11-16T23:57:47+08:00 level=info msg=tasks running bot=internal
time=2022-11-16T23:57:48+08:00 level=warning msg=登录需要滑条验证码, 请使用手机QQ扫描二维码以继续登录. bot=internal
time=2022-11-16T23:57:48+08:00 level=info msg=请使用手机QQ扫描二维码 (qrcode.png) :  bot=internal
time=2022-11-16T23:58:00+08:00 level=info msg=扫码成功, 请在手机端确认登录. bot=internal
time=2022-11-16T23:58:07+08:00 level=info msg=start reload friends list bot=internal
time=2022-11-16T23:58:07+08:00 level=info msg=load 38 friends bot=internal
time=2022-11-16T23:58:07+08:00 level=info msg=start reload groups list bot=internal
time=2022-11-16T23:58:08+08:00 level=info msg=load 8 groups bot=internal
