time=2022-11-18T11:14:47+08:00 level=info msg=initializing modules ... bot=internal
time=2022-11-18T11:14:47+08:00 level=info msg=all modules initialized bot=internal
time=2022-11-18T11:14:47+08:00 level=info msg=registering modules serve functions ... bot=internal
time=2022-11-18T11:14:47+08:00 level=info msg=all modules serve functions registered bot=internal
time=2022-11-18T11:14:47+08:00 level=info msg=starting modules tasks ... bot=internal
time=2022-11-18T11:14:47+08:00 level=info msg=tasks running bot=internal
time=2022-11-18T11:14:48+08:00 level=warning msg=登录需要滑条验证码, 请使用手机QQ扫描二维码以继续登录. bot=internal
time=2022-11-18T11:14:48+08:00 level=info msg=请使用手机QQ扫描二维码 (qrcode.png) :  bot=internal
time=2022-11-18T11:15:07+08:00 level=info msg=扫码成功, 请在手机端确认登录. bot=internal
time=2022-11-18T11:15:15+08:00 level=info msg=start reload friends list bot=internal
time=2022-11-18T11:15:15+08:00 level=info msg=load 38 friends bot=internal
time=2022-11-18T11:15:15+08:00 level=info msg=start reload groups list bot=internal
time=2022-11-18T11:15:16+08:00 level=info msg=load 8 groups bot=internal
time=2022-11-18T11:16:47+08:00 level=info msg=initializing modules ... bot=internal
time=2022-11-18T11:16:47+08:00 level=info msg=all modules initialized bot=internal
time=2022-11-18T11:16:47+08:00 level=info msg=registering modules serve functions ... bot=internal
time=2022-11-18T11:16:47+08:00 level=info msg=all modules serve functions registered bot=internal
time=2022-11-18T11:16:47+08:00 level=info msg=starting modules tasks ... bot=internal
time=2022-11-18T11:16:47+08:00 level=info msg=tasks running bot=internal
time=2022-11-18T11:16:48+08:00 level=warning msg=登录需要滑条验证码, 请使用手机QQ扫描二维码以继续登录. bot=internal
time=2022-11-18T11:16:53+08:00 level=info msg=请使用手机QQ扫描二维码 (qrcode.png) :  bot=internal
time=2022-11-18T11:17:02+08:00 level=fatal msg=扫码被用户取消. bot=internal
time=2022-11-18T11:17:13+08:00 level=info msg=initializing modules ... bot=internal
time=2022-11-18T11:17:13+08:00 level=info msg=all modules initialized bot=internal
time=2022-11-18T11:17:13+08:00 level=info msg=registering modules serve functions ... bot=internal
time=2022-11-18T11:17:13+08:00 level=info msg=all modules serve functions registered bot=internal
time=2022-11-18T11:17:13+08:00 level=info msg=starting modules tasks ... bot=internal
time=2022-11-18T11:17:13+08:00 level=info msg=tasks running bot=internal
time=2022-11-18T11:17:13+08:00 level=warning msg=登录需要滑条验证码, 请使用手机QQ扫描二维码以继续登录. bot=internal
time=2022-11-18T11:17:14+08:00 level=info msg=请使用手机QQ扫描二维码 (qrcode.png) :  bot=internal
time=2022-11-18T11:17:17+08:00 level=info msg=扫码成功, 请在手机端确认登录. bot=internal
time=2022-11-18T11:17:25+08:00 level=info msg=start reload friends list bot=internal
time=2022-11-18T11:17:25+08:00 level=info msg=load 38 friends bot=internal
time=2022-11-18T11:17:25+08:00 level=info msg=start reload groups list bot=internal
time=2022-11-18T11:17:26+08:00 level=info msg=load 8 groups bot=internal
time=2022-11-18T20:29:08+08:00 level=info msg=initializing modules ... bot=internal
time=2022-11-18T20:29:08+08:00 level=info msg=all modules initialized bot=internal
time=2022-11-18T20:29:08+08:00 level=info msg=registering modules serve functions ... bot=internal
time=2022-11-18T20:29:08+08:00 level=info msg=all modules serve functions registered bot=internal
time=2022-11-18T20:29:08+08:00 level=info msg=starting modules tasks ... bot=internal
time=2022-11-18T20:29:08+08:00 level=info msg=tasks running bot=internal
time=2022-11-18T20:29:08+08:00 level=warning msg=登录需要滑条验证码, 请使用手机QQ扫描二维码以继续登录. bot=internal
time=2022-11-18T20:29:09+08:00 level=info msg=请使用手机QQ扫描二维码 (qrcode.png) :  bot=internal
time=2022-11-18T20:29:21+08:00 level=info msg=扫码成功, 请在手机端确认登录. bot=internal
time=2022-11-18T20:29:28+08:00 level=info msg=start reload friends list bot=internal
time=2022-11-18T20:29:28+08:00 level=info msg=load 38 friends bot=internal
time=2022-11-18T20:29:28+08:00 level=info msg=start reload groups list bot=internal
time=2022-11-18T20:29:29+08:00 level=info msg=load 8 groups bot=internal
time=2022-11-18T23:14:48+08:00 level=info msg=initializing modules ... bot=internal
time=2022-11-18T23:14:48+08:00 level=info msg=all modules initialized bot=internal
time=2022-11-18T23:14:48+08:00 level=info msg=registering modules serve functions ... bot=internal
time=2022-11-18T23:14:48+08:00 level=info msg=all modules serve functions registered bot=internal
time=2022-11-18T23:14:48+08:00 level=info msg=starting modules tasks ... bot=internal
time=2022-11-18T23:14:48+08:00 level=info msg=tasks running bot=internal
time=2022-11-18T23:14:48+08:00 level=warning msg=登录需要滑条验证码, 请使用手机QQ扫描二维码以继续登录. bot=internal
time=2022-11-18T23:14:49+08:00 level=info msg=请使用手机QQ扫描二维码 (qrcode.png) :  bot=internal
time=2022-11-18T23:15:09+08:00 level=info msg=扫码成功, 请在手机端确认登录. bot=internal
time=2022-11-18T23:15:17+08:00 level=info msg=start reload friends list bot=internal
time=2022-11-18T23:15:18+08:00 level=info msg=load 547 friends bot=internal
time=2022-11-18T23:15:18+08:00 level=info msg=start reload groups list bot=internal
time=2022-11-18T23:15:20+08:00 level=info msg=load 38 groups bot=internal
time=2022-11-18T23:17:02+08:00 level=info msg=initializing modules ... bot=internal
time=2022-11-18T23:17:02+08:00 level=info msg=all modules initialized bot=internal
time=2022-11-18T23:17:02+08:00 level=info msg=registering modules serve functions ... bot=internal
time=2022-11-18T23:17:02+08:00 level=info msg=all modules serve functions registered bot=internal
time=2022-11-18T23:17:02+08:00 level=info msg=starting modules tasks ... bot=internal
time=2022-11-18T23:17:02+08:00 level=info msg=tasks running bot=internal
time=2022-11-18T23:17:03+08:00 level=warning msg=登录需要滑条验证码, 请使用手机QQ扫描二维码以继续登录. bot=internal
time=2022-11-18T23:17:03+08:00 level=info msg=请使用手机QQ扫描二维码 (qrcode.png) :  bot=internal
time=2022-11-18T23:17:16+08:00 level=info msg=扫码成功, 请在手机端确认登录. bot=internal
time=2022-11-18T23:17:23+08:00 level=info msg=start reload friends list bot=internal
time=2022-11-18T23:17:24+08:00 level=info msg=load 38 friends bot=internal
time=2022-11-18T23:17:24+08:00 level=info msg=start reload groups list bot=internal
time=2022-11-18T23:17:24+08:00 level=info msg=load 8 groups bot=internal
time=2022-11-18T23:25:02+08:00 level=info msg=initializing modules ... bot=internal
time=2022-11-18T23:25:02+08:00 level=info msg=all modules initialized bot=internal
time=2022-11-18T23:25:02+08:00 level=info msg=registering modules serve functions ... bot=internal
time=2022-11-18T23:25:02+08:00 level=info msg=all modules serve functions registered bot=internal
time=2022-11-18T23:25:02+08:00 level=info msg=starting modules tasks ... bot=internal
time=2022-11-18T23:25:02+08:00 level=info msg=tasks running bot=internal
time=2022-11-18T23:25:02+08:00 level=warning msg=登录需要滑条验证码, 请使用手机QQ扫描二维码以继续登录. bot=internal
time=2022-11-18T23:25:08+08:00 level=info msg=请使用手机QQ扫描二维码 (qrcode.png) :  bot=internal
time=2022-11-18T23:27:09+08:00 level=fatal msg=二维码过期 bot=internal
time=2022-11-18T23:37:57+08:00 level=info msg=initializing modules ... bot=internal
time=2022-11-18T23:37:57+08:00 level=info msg=all modules initialized bot=internal
time=2022-11-18T23:37:57+08:00 level=info msg=registering modules serve functions ... bot=internal
time=2022-11-18T23:37:57+08:00 level=info msg=all modules serve functions registered bot=internal
time=2022-11-18T23:37:57+08:00 level=info msg=starting modules tasks ... bot=internal
time=2022-11-18T23:37:57+08:00 level=info msg=tasks running bot=internal
time=2022-11-18T23:37:57+08:00 level=warning msg=登录需要滑条验证码, 请使用手机QQ扫描二维码以继续登录. bot=internal
time=2022-11-18T23:37:57+08:00 level=info msg=请使用手机QQ扫描二维码 (qrcode.png) :  bot=internal
time=2022-11-18T23:38:02+08:00 level=info msg=扫码成功, 请在手机端确认登录. bot=internal
time=2022-11-18T23:38:09+08:00 level=info msg=start reload friends list bot=internal
time=2022-11-18T23:38:09+08:00 level=info msg=load 38 friends bot=internal
time=2022-11-18T23:38:09+08:00 level=info msg=start reload groups list bot=internal
time=2022-11-18T23:38:10+08:00 level=info msg=load 8 groups bot=internal
