time=2022-11-21T00:22:00+08:00 level=info msg=initializing modules ... bot=internal
time=2022-11-21T00:22:00+08:00 level=info msg=all modules initialized bot=internal
time=2022-11-21T00:22:00+08:00 level=info msg=registering modules serve functions ... bot=internal
time=2022-11-21T00:22:00+08:00 level=info msg=all modules serve functions registered bot=internal
time=2022-11-21T00:22:00+08:00 level=info msg=starting modules tasks ... bot=internal
time=2022-11-21T00:22:00+08:00 level=info msg=tasks running bot=internal
time=2022-11-21T00:22:00+08:00 level=warning msg=登录需要滑条验证码, 请使用手机QQ扫描二维码以继续登录. bot=internal
time=2022-11-21T00:22:00+08:00 level=info msg=请使用手机QQ扫描二维码 (qrcode.png) :  bot=internal
time=2022-11-21T00:22:25+08:00 level=info msg=扫码成功, 请在手机端确认登录. bot=internal
time=2022-11-21T00:22:32+08:00 level=info msg=start reload friends list bot=internal
time=2022-11-21T00:22:32+08:00 level=info msg=load 38 friends bot=internal
time=2022-11-21T00:22:32+08:00 level=info msg=start reload groups list bot=internal
time=2022-11-21T00:22:33+08:00 level=info msg=load 8 groups bot=internal
time=2022-11-21T00:26:26+08:00 level=info msg=initializing modules ... bot=internal
time=2022-11-21T00:26:26+08:00 level=info msg=all modules initialized bot=internal
time=2022-11-21T00:26:26+08:00 level=info msg=registering modules serve functions ... bot=internal
time=2022-11-21T00:26:26+08:00 level=info msg=all modules serve functions registered bot=internal
time=2022-11-21T00:26:26+08:00 level=info msg=starting modules tasks ... bot=internal
time=2022-11-21T00:26:26+08:00 level=info msg=tasks running bot=internal
time=2022-11-21T00:26:26+08:00 level=warning msg=登录需要滑条验证码, 请使用手机QQ扫描二维码以继续登录. bot=internal
time=2022-11-21T00:26:26+08:00 level=info msg=请使用手机QQ扫描二维码 (qrcode.png) :  bot=internal
time=2022-11-21T00:26:37+08:00 level=info msg=扫码成功, 请在手机端确认登录. bot=internal
time=2022-11-21T00:26:44+08:00 level=info msg=start reload friends list bot=internal
time=2022-11-21T00:26:44+08:00 level=info msg=load 38 friends bot=internal
time=2022-11-21T00:26:44+08:00 level=info msg=start reload groups list bot=internal
time=2022-11-21T00:26:45+08:00 level=info msg=load 8 groups bot=internal
time=2022-11-21T00:29:39+08:00 level=info msg=initializing modules ... bot=internal
time=2022-11-21T00:29:39+08:00 level=info msg=all modules initialized bot=internal
time=2022-11-21T00:29:39+08:00 level=info msg=registering modules serve functions ... bot=internal
time=2022-11-21T00:29:39+08:00 level=info msg=all modules serve functions registered bot=internal
time=2022-11-21T00:29:39+08:00 level=info msg=starting modules tasks ... bot=internal
time=2022-11-21T00:29:39+08:00 level=info msg=tasks running bot=internal
time=2022-11-21T00:29:39+08:00 level=warning msg=登录需要滑条验证码, 请使用手机QQ扫描二维码以继续登录. bot=internal
time=2022-11-21T00:29:39+08:00 level=info msg=请使用手机QQ扫描二维码 (qrcode.png) :  bot=internal
time=2022-11-21T00:29:52+08:00 level=info msg=扫码成功, 请在手机端确认登录. bot=internal
time=2022-11-21T00:30:01+08:00 level=info msg=start reload friends list bot=internal
time=2022-11-21T00:30:01+08:00 level=info msg=load 38 friends bot=internal
time=2022-11-21T00:30:01+08:00 level=info msg=start reload groups list bot=internal
time=2022-11-21T00:30:02+08:00 level=info msg=load 8 groups bot=internal
time=2022-11-21T00:36:48+08:00 level=info msg=initializing modules ... bot=internal
time=2022-11-21T00:36:48+08:00 level=info msg=all modules initialized bot=internal
time=2022-11-21T00:36:48+08:00 level=info msg=registering modules serve functions ... bot=internal
time=2022-11-21T00:36:48+08:00 level=info msg=all modules serve functions registered bot=internal
time=2022-11-21T00:36:48+08:00 level=info msg=starting modules tasks ... bot=internal
time=2022-11-21T00:36:48+08:00 level=info msg=tasks running bot=internal
time=2022-11-21T00:36:48+08:00 level=warning msg=登录需要滑条验证码, 请使用手机QQ扫描二维码以继续登录. bot=internal
time=2022-11-21T00:36:48+08:00 level=info msg=请使用手机QQ扫描二维码 (qrcode.png) :  bot=internal
time=2022-11-21T00:36:53+08:00 level=info msg=扫码成功, 请在手机端确认登录. bot=internal
time=2022-11-21T00:37:00+08:00 level=info msg=start reload friends list bot=internal
time=2022-11-21T00:37:00+08:00 level=info msg=load 38 friends bot=internal
time=2022-11-21T00:37:00+08:00 level=info msg=start reload groups list bot=internal
time=2022-11-21T00:37:01+08:00 level=info msg=load 8 groups bot=internal
time=2022-11-21T00:52:44+08:00 level=info msg=initializing modules ... bot=internal
time=2022-11-21T00:52:45+08:00 level=info msg=all modules initialized bot=internal
time=2022-11-21T00:52:45+08:00 level=info msg=registering modules serve functions ... bot=internal
time=2022-11-21T00:52:45+08:00 level=info msg=all modules serve functions registered bot=internal
time=2022-11-21T00:52:45+08:00 level=info msg=starting modules tasks ... bot=internal
time=2022-11-21T00:52:45+08:00 level=info msg=tasks running bot=internal
time=2022-11-21T00:52:45+08:00 level=warning msg=登录需要滑条验证码, 请使用手机QQ扫描二维码以继续登录. bot=internal
time=2022-11-21T00:52:50+08:00 level=info msg=请使用手机QQ扫描二维码 (qrcode.png) :  bot=internal
time=2022-11-21T00:52:58+08:00 level=info msg=扫码成功, 请在手机端确认登录. bot=internal
time=2022-11-21T00:53:07+08:00 level=info msg=start reload friends list bot=internal
time=2022-11-21T00:53:07+08:00 level=info msg=load 38 friends bot=internal
time=2022-11-21T00:53:07+08:00 level=info msg=start reload groups list bot=internal
time=2022-11-21T00:53:08+08:00 level=info msg=load 8 groups bot=internal
time=2022-11-21T01:05:24+08:00 level=info msg=initializing modules ... bot=internal
time=2022-11-21T01:05:25+08:00 level=info msg=all modules initialized bot=internal
time=2022-11-21T01:05:25+08:00 level=info msg=registering modules serve functions ... bot=internal
time=2022-11-21T01:05:25+08:00 level=info msg=all modules serve functions registered bot=internal
time=2022-11-21T01:05:25+08:00 level=info msg=starting modules tasks ... bot=internal
time=2022-11-21T01:05:25+08:00 level=info msg=tasks running bot=internal
time=2022-11-21T01:05:25+08:00 level=warning msg=登录需要滑条验证码, 请使用手机QQ扫描二维码以继续登录. bot=internal
time=2022-11-21T01:05:25+08:00 level=info msg=请使用手机QQ扫描二维码 (qrcode.png) :  bot=internal
time=2022-11-21T01:05:33+08:00 level=info msg=扫码成功, 请在手机端确认登录. bot=internal
time=2022-11-21T01:05:41+08:00 level=info msg=start reload friends list bot=internal
time=2022-11-21T01:05:41+08:00 level=info msg=load 38 friends bot=internal
time=2022-11-21T01:05:41+08:00 level=info msg=start reload groups list bot=internal
time=2022-11-21T01:05:41+08:00 level=info msg=load 8 groups bot=internal
time=2022-11-21T02:59:59+08:00 level=info msg=initializing modules ... bot=internal
time=2022-11-21T02:59:59+08:00 level=info msg=all modules initialized bot=internal
time=2022-11-21T02:59:59+08:00 level=info msg=registering modules serve functions ... bot=internal
time=2022-11-21T02:59:59+08:00 level=info msg=all modules serve functions registered bot=internal
time=2022-11-21T02:59:59+08:00 level=info msg=starting modules tasks ... bot=internal
time=2022-11-21T02:59:59+08:00 level=info msg=tasks running bot=internal
time=2022-11-21T02:59:59+08:00 level=warning msg=登录需要滑条验证码, 请使用手机QQ扫描二维码以继续登录. bot=internal
time=2022-11-21T02:59:59+08:00 level=info msg=请使用手机QQ扫描二维码 (qrcode.png) :  bot=internal
time=2022-11-21T03:00:28+08:00 level=fatal msg=扫码被用户取消. bot=internal
time=2022-11-21T03:00:41+08:00 level=info msg=initializing modules ... bot=internal
time=2022-11-21T03:00:41+08:00 level=info msg=all modules initialized bot=internal
time=2022-11-21T03:00:41+08:00 level=info msg=registering modules serve functions ... bot=internal
time=2022-11-21T03:00:41+08:00 level=info msg=all modules serve functions registered bot=internal
time=2022-11-21T03:00:41+08:00 level=info msg=starting modules tasks ... bot=internal
time=2022-11-21T03:00:41+08:00 level=info msg=tasks running bot=internal
time=2022-11-21T03:00:41+08:00 level=warning msg=登录需要滑条验证码, 请使用手机QQ扫描二维码以继续登录. bot=internal
time=2022-11-21T03:00:41+08:00 level=info msg=请使用手机QQ扫描二维码 (qrcode.png) :  bot=internal
time=2022-11-21T03:01:13+08:00 level=info msg=扫码成功, 请在手机端确认登录. bot=internal
time=2022-11-21T03:01:21+08:00 level=info msg=start reload friends list bot=internal
time=2022-11-21T03:01:21+08:00 level=info msg=load 38 friends bot=internal
time=2022-11-21T03:01:21+08:00 level=info msg=start reload groups list bot=internal
time=2022-11-21T03:01:22+08:00 level=info msg=load 8 groups bot=internal
time=2022-11-21T03:08:30+08:00 level=info msg=initializing modules ... bot=internal
time=2022-11-21T03:08:30+08:00 level=info msg=all modules initialized bot=internal
time=2022-11-21T03:08:30+08:00 level=info msg=registering modules serve functions ... bot=internal
time=2022-11-21T03:08:30+08:00 level=info msg=all modules serve functions registered bot=internal
time=2022-11-21T03:08:30+08:00 level=info msg=starting modules tasks ... bot=internal
time=2022-11-21T03:08:30+08:00 level=info msg=tasks running bot=internal
time=2022-11-21T03:08:30+08:00 level=warning msg=登录需要滑条验证码, 请使用手机QQ扫描二维码以继续登录. bot=internal
time=2022-11-21T03:08:36+08:00 level=info msg=请使用手机QQ扫描二维码 (qrcode.png) :  bot=internal
time=2022-11-21T03:12:18+08:00 level=info msg=initializing modules ... bot=internal
time=2022-11-21T03:12:18+08:00 level=info msg=all modules initialized bot=internal
time=2022-11-21T03:12:18+08:00 level=info msg=registering modules serve functions ... bot=internal
time=2022-11-21T03:12:18+08:00 level=info msg=all modules serve functions registered bot=internal
time=2022-11-21T03:12:18+08:00 level=info msg=starting modules tasks ... bot=internal
time=2022-11-21T03:12:18+08:00 level=info msg=tasks running bot=internal
time=2022-11-21T03:12:18+08:00 level=warning msg=登录需要滑条验证码, 请使用手机QQ扫描二维码以继续登录. bot=internal
time=2022-11-21T03:12:19+08:00 level=info msg=请使用手机QQ扫描二维码 (qrcode.png) :  bot=internal
time=2022-11-21T03:13:06+08:00 level=info msg=扫码成功, 请在手机端确认登录. bot=internal
time=2022-11-21T03:13:17+08:00 level=info msg=start reload friends list bot=internal
time=2022-11-21T03:13:17+08:00 level=info msg=load 38 friends bot=internal
time=2022-11-21T03:13:17+08:00 level=info msg=start reload groups list bot=internal
time=2022-11-21T03:13:18+08:00 level=info msg=load 8 groups bot=internal
time=2022-11-21T03:17:32+08:00 level=info msg=initializing modules ... bot=internal
time=2022-11-21T03:17:32+08:00 level=info msg=all modules initialized bot=internal
time=2022-11-21T03:17:32+08:00 level=info msg=registering modules serve functions ... bot=internal
time=2022-11-21T03:17:32+08:00 level=info msg=all modules serve functions registered bot=internal
time=2022-11-21T03:17:32+08:00 level=info msg=starting modules tasks ... bot=internal
time=2022-11-21T03:17:32+08:00 level=info msg=tasks running bot=internal
time=2022-11-21T03:17:32+08:00 level=warning msg=登录需要滑条验证码, 请使用手机QQ扫描二维码以继续登录. bot=internal
time=2022-11-21T03:17:33+08:00 level=info msg=请使用手机QQ扫描二维码 (qrcode.png) :  bot=internal
time=2022-11-21T03:18:20+08:00 level=info msg=扫码成功, 请在手机端确认登录. bot=internal
time=2022-11-21T03:18:29+08:00 level=info msg=start reload friends list bot=internal
time=2022-11-21T03:18:30+08:00 level=info msg=load 38 friends bot=internal
time=2022-11-21T03:18:30+08:00 level=info msg=start reload groups list bot=internal
time=2022-11-21T03:18:30+08:00 level=info msg=load 8 groups bot=internal
time=2022-11-21T03:21:43+08:00 level=info msg=initializing modules ... bot=internal
time=2022-11-21T03:21:43+08:00 level=info msg=all modules initialized bot=internal
time=2022-11-21T03:21:43+08:00 level=info msg=registering modules serve functions ... bot=internal
time=2022-11-21T03:21:43+08:00 level=info msg=all modules serve functions registered bot=internal
time=2022-11-21T03:21:43+08:00 level=info msg=starting modules tasks ... bot=internal
time=2022-11-21T03:21:43+08:00 level=info msg=tasks running bot=internal
time=2022-11-21T03:21:43+08:00 level=warning msg=登录需要滑条验证码, 请使用手机QQ扫描二维码以继续登录. bot=internal
time=2022-11-21T03:21:43+08:00 level=info msg=请使用手机QQ扫描二维码 (qrcode.png) :  bot=internal
time=2022-11-21T03:21:50+08:00 level=info msg=扫码成功, 请在手机端确认登录. bot=internal
time=2022-11-21T03:21:58+08:00 level=info msg=start reload friends list bot=internal
time=2022-11-21T03:21:58+08:00 level=info msg=load 38 friends bot=internal
time=2022-11-21T03:21:58+08:00 level=info msg=start reload groups list bot=internal
time=2022-11-21T03:21:58+08:00 level=info msg=load 8 groups bot=internal
time=2022-11-21T03:23:17+08:00 level=info msg=initializing modules ... bot=internal
time=2022-11-21T03:23:18+08:00 level=info msg=all modules initialized bot=internal
time=2022-11-21T03:23:18+08:00 level=info msg=registering modules serve functions ... bot=internal
time=2022-11-21T03:23:18+08:00 level=info msg=all modules serve functions registered bot=internal
time=2022-11-21T03:23:18+08:00 level=info msg=starting modules tasks ... bot=internal
time=2022-11-21T03:23:18+08:00 level=info msg=tasks running bot=internal
time=2022-11-21T03:23:18+08:00 level=warning msg=登录需要滑条验证码, 请使用手机QQ扫描二维码以继续登录. bot=internal
time=2022-11-21T03:23:18+08:00 level=info msg=请使用手机QQ扫描二维码 (qrcode.png) :  bot=internal
time=2022-11-21T03:23:25+08:00 level=info msg=扫码成功, 请在手机端确认登录. bot=internal
time=2022-11-21T03:23:35+08:00 level=info msg=start reload friends list bot=internal
time=2022-11-21T03:23:36+08:00 level=info msg=load 546 friends bot=internal
time=2022-11-21T03:23:36+08:00 level=info msg=start reload groups list bot=internal
time=2022-11-21T03:23:38+08:00 level=info msg=load 38 groups bot=internal
time=2022-11-21T03:25:06+08:00 level=info msg=initializing modules ... bot=internal
time=2022-11-21T03:25:06+08:00 level=info msg=all modules initialized bot=internal
time=2022-11-21T03:25:06+08:00 level=info msg=registering modules serve functions ... bot=internal
time=2022-11-21T03:25:06+08:00 level=info msg=all modules serve functions registered bot=internal
time=2022-11-21T03:25:06+08:00 level=info msg=starting modules tasks ... bot=internal
time=2022-11-21T03:25:06+08:00 level=info msg=tasks running bot=internal
time=2022-11-21T03:25:06+08:00 level=warning msg=登录需要滑条验证码, 请使用手机QQ扫描二维码以继续登录. bot=internal
time=2022-11-21T03:25:06+08:00 level=info msg=请使用手机QQ扫描二维码 (qrcode.png) :  bot=internal
time=2022-11-21T03:25:38+08:00 level=info msg=扫码成功, 请在手机端确认登录. bot=internal
time=2022-11-21T03:25:45+08:00 level=info msg=start reload friends list bot=internal
time=2022-11-21T03:25:46+08:00 level=info msg=load 38 friends bot=internal
time=2022-11-21T03:25:46+08:00 level=info msg=start reload groups list bot=internal
time=2022-11-21T03:25:46+08:00 level=info msg=load 8 groups bot=internal
time=2022-11-21T03:39:56+08:00 level=info msg=initializing modules ... bot=internal
time=2022-11-21T03:39:56+08:00 level=info msg=all modules initialized bot=internal
time=2022-11-21T03:39:56+08:00 level=info msg=registering modules serve functions ... bot=internal
time=2022-11-21T03:39:56+08:00 level=info msg=all modules serve functions registered bot=internal
time=2022-11-21T03:39:56+08:00 level=info msg=starting modules tasks ... bot=internal
time=2022-11-21T03:39:56+08:00 level=info msg=tasks running bot=internal
time=2022-11-21T03:39:57+08:00 level=warning msg=登录需要滑条验证码, 请使用手机QQ扫描二维码以继续登录. bot=internal
time=2022-11-21T03:39:57+08:00 level=info msg=请使用手机QQ扫描二维码 (qrcode.png) :  bot=internal
time=2022-11-21T03:42:10+08:00 level=info msg=initializing modules ... bot=internal
time=2022-11-21T03:42:10+08:00 level=info msg=all modules initialized bot=internal
time=2022-11-21T03:42:10+08:00 level=info msg=registering modules serve functions ... bot=internal
time=2022-11-21T03:42:10+08:00 level=info msg=all modules serve functions registered bot=internal
time=2022-11-21T03:42:10+08:00 level=info msg=starting modules tasks ... bot=internal
time=2022-11-21T03:42:10+08:00 level=info msg=tasks running bot=internal
time=2022-11-21T03:42:10+08:00 level=info msg=start reload friends list bot=internal
time=2022-11-21T03:42:10+08:00 level=error msg=unable to load friends list bot=internal error=Packet failed to sendPacket: connection closed
time=2022-11-21T03:42:10+08:00 level=info msg=load 0 friends bot=internal
time=2022-11-21T03:42:10+08:00 level=info msg=start reload groups list bot=internal
time=2022-11-21T03:42:10+08:00 level=error msg=unable to load groups list bot=internal error=Packet failed to sendPacket: connection closed
time=2022-11-21T03:42:10+08:00 level=info msg=load 0 groups bot=internal
time=2022-11-21T03:42:44+08:00 level=info msg=initializing modules ... bot=internal
time=2022-11-21T03:42:44+08:00 level=info msg=all modules initialized bot=internal
time=2022-11-21T03:42:44+08:00 level=info msg=registering modules serve functions ... bot=internal
time=2022-11-21T03:42:44+08:00 level=info msg=all modules serve functions registered bot=internal
time=2022-11-21T03:42:44+08:00 level=info msg=starting modules tasks ... bot=internal
time=2022-11-21T03:42:44+08:00 level=info msg=tasks running bot=internal
time=2022-11-21T03:42:44+08:00 level=warning msg=登录需要滑条验证码, 请使用手机QQ扫描二维码以继续登录. bot=internal
time=2022-11-21T03:42:44+08:00 level=info msg=请使用手机QQ扫描二维码 (qrcode.png) :  bot=internal
time=2022-11-21T03:44:02+08:00 level=info msg=扫码成功, 请在手机端确认登录. bot=internal
time=2022-11-21T03:44:09+08:00 level=info msg=start reload friends list bot=internal
time=2022-11-21T03:44:09+08:00 level=info msg=load 38 friends bot=internal
time=2022-11-21T03:44:09+08:00 level=info msg=start reload groups list bot=internal
time=2022-11-21T03:44:10+08:00 level=info msg=load 8 groups bot=internal
time=2022-11-21T03:55:47+08:00 level=info msg=initializing modules ... bot=internal
time=2022-11-21T03:56:51+08:00 level=info msg=initializing modules ... bot=internal
time=2022-11-21T03:56:51+08:00 level=info msg=all modules initialized bot=internal
time=2022-11-21T03:56:51+08:00 level=info msg=registering modules serve functions ... bot=internal
time=2022-11-21T03:56:51+08:00 level=info msg=all modules serve functions registered bot=internal
time=2022-11-21T03:56:51+08:00 level=info msg=starting modules tasks ... bot=internal
time=2022-11-21T03:56:51+08:00 level=info msg=tasks running bot=internal
time=2022-11-21T03:56:51+08:00 level=warning msg=登录需要滑条验证码, 请使用手机QQ扫描二维码以继续登录. bot=internal
time=2022-11-21T03:56:51+08:00 level=info msg=请使用手机QQ扫描二维码 (qrcode.png) :  bot=internal
time=2022-11-21T03:57:02+08:00 level=info msg=扫码成功, 请在手机端确认登录. bot=internal
time=2022-11-21T03:58:38+08:00 level=info msg=initializing modules ... bot=internal
time=2022-11-21T03:58:38+08:00 level=info msg=all modules initialized bot=internal
time=2022-11-21T03:58:38+08:00 level=info msg=registering modules serve functions ... bot=internal
time=2022-11-21T03:58:38+08:00 level=info msg=all modules serve functions registered bot=internal
time=2022-11-21T03:58:38+08:00 level=info msg=starting modules tasks ... bot=internal
time=2022-11-21T03:58:38+08:00 level=info msg=tasks running bot=internal
time=2022-11-21T03:58:38+08:00 level=warning msg=登录需要滑条验证码, 请使用手机QQ扫描二维码以继续登录. bot=internal
time=2022-11-21T03:58:39+08:00 level=info msg=请使用手机QQ扫描二维码 (qrcode.png) :  bot=internal
time=2022-11-21T03:58:46+08:00 level=info msg=扫码成功, 请在手机端确认登录. bot=internal
time=2022-11-21T03:58:54+08:00 level=info msg=start reload friends list bot=internal
time=2022-11-21T03:58:54+08:00 level=info msg=load 38 friends bot=internal
time=2022-11-21T03:58:54+08:00 level=info msg=start reload groups list bot=internal
time=2022-11-21T03:58:54+08:00 level=info msg=load 8 groups bot=internal
time=2022-11-21T08:09:24+08:00 level=info msg=initializing modules ... bot=internal
time=2022-11-21T08:09:24+08:00 level=info msg=all modules initialized bot=internal
time=2022-11-21T08:09:24+08:00 level=info msg=registering modules serve functions ... bot=internal
time=2022-11-21T08:09:24+08:00 level=info msg=all modules serve functions registered bot=internal
time=2022-11-21T08:09:24+08:00 level=info msg=starting modules tasks ... bot=internal
time=2022-11-21T08:09:24+08:00 level=info msg=tasks running bot=internal
time=2022-11-21T08:09:25+08:00 level=warning msg=登录需要滑条验证码, 请使用手机QQ扫描二维码以继续登录. bot=internal
time=2022-11-21T08:09:25+08:00 level=info msg=请使用手机QQ扫描二维码 (qrcode.png) :  bot=internal
time=2022-11-21T08:09:38+08:00 level=info msg=扫码成功, 请在手机端确认登录. bot=internal
time=2022-11-21T08:09:45+08:00 level=info msg=start reload friends list bot=internal
time=2022-11-21T08:09:45+08:00 level=info msg=load 38 friends bot=internal
time=2022-11-21T08:09:45+08:00 level=info msg=start reload groups list bot=internal
time=2022-11-21T08:09:46+08:00 level=info msg=load 8 groups bot=internal
time=2022-11-21T08:11:02+08:00 level=info msg=initializing modules ... bot=internal
time=2022-11-21T08:11:02+08:00 level=info msg=all modules initialized bot=internal
time=2022-11-21T08:11:02+08:00 level=info msg=registering modules serve functions ... bot=internal
time=2022-11-21T08:11:09+08:00 level=info msg=all modules serve functions registered bot=internal
time=2022-11-21T08:11:09+08:00 level=info msg=starting modules tasks ... bot=internal
time=2022-11-21T08:11:09+08:00 level=info msg=tasks running bot=internal
time=2022-11-21T08:11:09+08:00 level=warning msg=登录需要滑条验证码, 请使用手机QQ扫描二维码以继续登录. bot=internal
time=2022-11-21T08:11:09+08:00 level=info msg=请使用手机QQ扫描二维码 (qrcode.png) :  bot=internal
time=2022-11-21T08:11:20+08:00 level=info msg=扫码成功, 请在手机端确认登录. bot=internal
time=2022-11-21T08:11:27+08:00 level=info msg=start reload friends list bot=internal
time=2022-11-21T08:11:28+08:00 level=info msg=load 38 friends bot=internal
time=2022-11-21T08:11:28+08:00 level=info msg=start reload groups list bot=internal
time=2022-11-21T08:11:28+08:00 level=info msg=load 8 groups bot=internal
time=2022-11-21T08:19:11+08:00 level=info msg=initializing modules ... bot=internal
time=2022-11-21T08:19:11+08:00 level=info msg=all modules initialized bot=internal
time=2022-11-21T08:19:11+08:00 level=info msg=registering modules serve functions ... bot=internal
time=2022-11-21T08:19:11+08:00 level=info msg=all modules serve functions registered bot=internal
time=2022-11-21T08:19:11+08:00 level=info msg=starting modules tasks ... bot=internal
time=2022-11-21T08:19:11+08:00 level=info msg=tasks running bot=internal
time=2022-11-21T08:19:11+08:00 level=warning msg=登录需要滑条验证码, 请使用手机QQ扫描二维码以继续登录. bot=internal
time=2022-11-21T08:19:12+08:00 level=info msg=请使用手机QQ扫描二维码 (qrcode.png) :  bot=internal
time=2022-11-21T08:19:17+08:00 level=info msg=扫码成功, 请在手机端确认登录. bot=internal
time=2022-11-21T08:19:25+08:00 level=info msg=start reload friends list bot=internal
time=2022-11-21T08:19:26+08:00 level=info msg=load 38 friends bot=internal
time=2022-11-21T08:19:26+08:00 level=info msg=start reload groups list bot=internal
time=2022-11-21T08:19:26+08:00 level=info msg=load 8 groups bot=internal
time=2022-11-21T08:22:07+08:00 level=info msg=initializing modules ... bot=internal
time=2022-11-21T08:22:07+08:00 level=info msg=all modules initialized bot=internal
time=2022-11-21T08:22:07+08:00 level=info msg=registering modules serve functions ... bot=internal
time=2022-11-21T08:22:07+08:00 level=info msg=all modules serve functions registered bot=internal
time=2022-11-21T08:22:07+08:00 level=info msg=starting modules tasks ... bot=internal
time=2022-11-21T08:22:07+08:00 level=info msg=tasks running bot=internal
time=2022-11-21T08:22:07+08:00 level=warning msg=登录需要滑条验证码, 请使用手机QQ扫描二维码以继续登录. bot=internal
time=2022-11-21T08:22:07+08:00 level=info msg=请使用手机QQ扫描二维码 (qrcode.png) :  bot=internal
time=2022-11-21T08:22:18+08:00 level=info msg=扫码成功, 请在手机端确认登录. bot=internal
time=2022-11-21T08:22:24+08:00 level=info msg=start reload friends list bot=internal
time=2022-11-21T08:22:25+08:00 level=info msg=load 38 friends bot=internal
time=2022-11-21T08:22:25+08:00 level=info msg=start reload groups list bot=internal
time=2022-11-21T08:22:25+08:00 level=info msg=load 8 groups bot=internal
time=2022-11-21T08:28:48+08:00 level=info msg=initializing modules ... bot=internal
time=2022-11-21T08:28:48+08:00 level=info msg=all modules initialized bot=internal
time=2022-11-21T08:28:48+08:00 level=info msg=registering modules serve functions ... bot=internal
time=2022-11-21T08:28:48+08:00 level=info msg=all modules serve functions registered bot=internal
time=2022-11-21T08:28:48+08:00 level=info msg=starting modules tasks ... bot=internal
time=2022-11-21T08:28:48+08:00 level=info msg=tasks running bot=internal
time=2022-11-21T08:28:48+08:00 level=warning msg=登录失败: 服务连接中，请稍后再试。(0xa) bot=internal
time=2022-11-21T08:28:48+08:00 level=info msg=按 Enter 或等待 5s 后继续.... bot=internal
time=2022-11-21T08:29:32+08:00 level=info msg=initializing modules ... bot=internal
time=2022-11-21T08:29:32+08:00 level=info msg=all modules initialized bot=internal
time=2022-11-21T08:29:32+08:00 level=info msg=registering modules serve functions ... bot=internal
time=2022-11-21T08:29:32+08:00 level=info msg=all modules serve functions registered bot=internal
time=2022-11-21T08:29:32+08:00 level=info msg=starting modules tasks ... bot=internal
time=2022-11-21T08:29:32+08:00 level=info msg=tasks running bot=internal
time=2022-11-21T08:29:32+08:00 level=warning msg=登录需要滑条验证码, 请使用手机QQ扫描二维码以继续登录. bot=internal
time=2022-11-21T08:29:33+08:00 level=info msg=请使用手机QQ扫描二维码 (qrcode.png) :  bot=internal
time=2022-11-21T08:29:56+08:00 level=info msg=initializing modules ... bot=internal
time=2022-11-21T08:29:56+08:00 level=info msg=all modules initialized bot=internal
time=2022-11-21T08:29:56+08:00 level=info msg=registering modules serve functions ... bot=internal
time=2022-11-21T08:29:56+08:00 level=info msg=all modules serve functions registered bot=internal
time=2022-11-21T08:29:56+08:00 level=info msg=starting modules tasks ... bot=internal
time=2022-11-21T08:29:56+08:00 level=info msg=tasks running bot=internal
time=2022-11-21T08:29:56+08:00 level=warning msg=登录需要滑条验证码, 请使用手机QQ扫描二维码以继续登录. bot=internal
time=2022-11-21T08:29:57+08:00 level=info msg=请使用手机QQ扫描二维码 (qrcode.png) :  bot=internal
time=2022-11-21T08:30:16+08:00 level=info msg=initializing modules ... bot=internal
time=2022-11-21T08:30:16+08:00 level=info msg=all modules initialized bot=internal
time=2022-11-21T08:30:16+08:00 level=info msg=registering modules serve functions ... bot=internal
time=2022-11-21T08:30:16+08:00 level=info msg=all modules serve functions registered bot=internal
time=2022-11-21T08:30:16+08:00 level=info msg=starting modules tasks ... bot=internal
time=2022-11-21T08:30:16+08:00 level=info msg=tasks running bot=internal
time=2022-11-21T08:30:16+08:00 level=warning msg=登录需要滑条验证码, 请使用手机QQ扫描二维码以继续登录. bot=internal
time=2022-11-21T08:30:16+08:00 level=info msg=请使用手机QQ扫描二维码 (qrcode.png) :  bot=internal
time=2022-11-21T08:30:37+08:00 level=info msg=initializing modules ... bot=internal
time=2022-11-21T08:30:37+08:00 level=info msg=all modules initialized bot=internal
time=2022-11-21T08:30:37+08:00 level=info msg=registering modules serve functions ... bot=internal
time=2022-11-21T08:30:37+08:00 level=info msg=all modules serve functions registered bot=internal
time=2022-11-21T08:30:37+08:00 level=info msg=starting modules tasks ... bot=internal
time=2022-11-21T08:30:37+08:00 level=info msg=tasks running bot=internal
time=2022-11-21T08:30:37+08:00 level=warning msg=登录需要滑条验证码, 请使用手机QQ扫描二维码以继续登录. bot=internal
time=2022-11-21T08:30:37+08:00 level=info msg=请使用手机QQ扫描二维码 (qrcode.png) :  bot=internal
time=2022-11-21T08:30:57+08:00 level=info msg=initializing modules ... bot=internal
time=2022-11-21T08:30:57+08:00 level=info msg=all modules initialized bot=internal
time=2022-11-21T08:30:57+08:00 level=info msg=registering modules serve functions ... bot=internal
time=2022-11-21T08:30:57+08:00 level=info msg=all modules serve functions registered bot=internal
time=2022-11-21T08:30:57+08:00 level=info msg=starting modules tasks ... bot=internal
time=2022-11-21T08:30:57+08:00 level=info msg=tasks running bot=internal
time=2022-11-21T08:30:57+08:00 level=warning msg=登录需要滑条验证码, 请使用手机QQ扫描二维码以继续登录. bot=internal
time=2022-11-21T08:30:57+08:00 level=info msg=请使用手机QQ扫描二维码 (qrcode.png) :  bot=internal
time=2022-11-21T08:32:10+08:00 level=info msg=initializing modules ... bot=internal
time=2022-11-21T08:32:10+08:00 level=info msg=all modules initialized bot=internal
time=2022-11-21T08:32:10+08:00 level=info msg=registering modules serve functions ... bot=internal
time=2022-11-21T08:32:10+08:00 level=info msg=all modules serve functions registered bot=internal
time=2022-11-21T08:32:10+08:00 level=info msg=starting modules tasks ... bot=internal
time=2022-11-21T08:32:10+08:00 level=info msg=tasks running bot=internal
time=2022-11-21T08:32:10+08:00 level=warning msg=登录需要滑条验证码, 请使用手机QQ扫描二维码以继续登录. bot=internal
time=2022-11-21T08:32:10+08:00 level=info msg=请使用手机QQ扫描二维码 (qrcode.png) :  bot=internal
time=2022-11-21T08:32:49+08:00 level=info msg=initializing modules ... bot=internal
time=2022-11-21T08:32:49+08:00 level=info msg=all modules initialized bot=internal
time=2022-11-21T08:32:49+08:00 level=info msg=registering modules serve functions ... bot=internal
time=2022-11-21T08:32:49+08:00 level=info msg=all modules serve functions registered bot=internal
time=2022-11-21T08:32:49+08:00 level=info msg=starting modules tasks ... bot=internal
time=2022-11-21T08:32:49+08:00 level=info msg=tasks running bot=internal
time=2022-11-21T08:32:49+08:00 level=info msg=start reload friends list bot=internal
time=2022-11-21T08:32:49+08:00 level=error msg=unable to load friends list bot=internal error=Packet failed to sendPacket: connection closed
time=2022-11-21T08:32:49+08:00 level=info msg=load 0 friends bot=internal
time=2022-11-21T08:32:49+08:00 level=info msg=start reload groups list bot=internal
time=2022-11-21T08:32:49+08:00 level=error msg=unable to load groups list bot=internal error=Packet failed to sendPacket: connection closed
time=2022-11-21T08:32:49+08:00 level=info msg=load 0 groups bot=internal
time=2022-11-21T08:35:19+08:00 level=info msg=initializing modules ... bot=internal
time=2022-11-21T08:35:19+08:00 level=info msg=all modules initialized bot=internal
time=2022-11-21T08:35:19+08:00 level=info msg=registering modules serve functions ... bot=internal
time=2022-11-21T08:35:19+08:00 level=info msg=all modules serve functions registered bot=internal
time=2022-11-21T08:35:19+08:00 level=info msg=starting modules tasks ... bot=internal
time=2022-11-21T08:35:19+08:00 level=info msg=tasks running bot=internal
time=2022-11-21T08:35:19+08:00 level=info msg=start reload friends list bot=internal
time=2022-11-21T08:35:19+08:00 level=error msg=unable to load friends list bot=internal error=Packet failed to sendPacket: connection closed
time=2022-11-21T08:35:19+08:00 level=info msg=load 0 friends bot=internal
time=2022-11-21T08:35:19+08:00 level=info msg=start reload groups list bot=internal
time=2022-11-21T08:35:19+08:00 level=error msg=unable to load groups list bot=internal error=Packet failed to sendPacket: connection closed
time=2022-11-21T08:35:19+08:00 level=info msg=load 0 groups bot=internal
time=2022-11-21T08:38:14+08:00 level=info msg=initializing modules ... bot=internal
time=2022-11-21T08:38:14+08:00 level=info msg=all modules initialized bot=internal
time=2022-11-21T08:38:14+08:00 level=info msg=registering modules serve functions ... bot=internal
time=2022-11-21T08:38:14+08:00 level=info msg=all modules serve functions registered bot=internal
time=2022-11-21T08:38:14+08:00 level=info msg=starting modules tasks ... bot=internal
time=2022-11-21T08:38:14+08:00 level=info msg=tasks running bot=internal
time=2022-11-21T08:38:14+08:00 level=info msg=start reload friends list bot=internal
time=2022-11-21T08:38:14+08:00 level=error msg=unable to load friends list bot=internal error=Packet failed to sendPacket: connection closed
time=2022-11-21T08:38:14+08:00 level=info msg=load 0 friends bot=internal
time=2022-11-21T08:38:14+08:00 level=info msg=start reload groups list bot=internal
time=2022-11-21T08:38:14+08:00 level=error msg=unable to load groups list bot=internal error=Packet failed to sendPacket: connection closed
time=2022-11-21T08:38:14+08:00 level=info msg=load 0 groups bot=internal
time=2022-11-21T08:39:09+08:00 level=info msg=initializing modules ... bot=internal
time=2022-11-21T08:39:09+08:00 level=info msg=all modules initialized bot=internal
time=2022-11-21T08:39:09+08:00 level=info msg=registering modules serve functions ... bot=internal
time=2022-11-21T08:39:09+08:00 level=info msg=all modules serve functions registered bot=internal
time=2022-11-21T08:39:09+08:00 level=info msg=starting modules tasks ... bot=internal
time=2022-11-21T08:39:09+08:00 level=info msg=tasks running bot=internal
time=2022-11-21T08:39:09+08:00 level=info msg=start reload friends list bot=internal
time=2022-11-21T08:39:09+08:00 level=error msg=unable to load friends list bot=internal error=Packet failed to sendPacket: connection closed
time=2022-11-21T08:39:09+08:00 level=info msg=load 0 friends bot=internal
time=2022-11-21T08:39:09+08:00 level=info msg=start reload groups list bot=internal
time=2022-11-21T08:39:09+08:00 level=error msg=unable to load groups list bot=internal error=Packet failed to sendPacket: connection closed
time=2022-11-21T08:39:09+08:00 level=info msg=load 0 groups bot=internal
time=2022-11-21T08:39:28+08:00 level=info msg=initializing modules ... bot=internal
time=2022-11-21T08:39:28+08:00 level=info msg=all modules initialized bot=internal
time=2022-11-21T08:39:28+08:00 level=info msg=registering modules serve functions ... bot=internal
time=2022-11-21T08:39:28+08:00 level=info msg=all modules serve functions registered bot=internal
time=2022-11-21T08:39:28+08:00 level=info msg=starting modules tasks ... bot=internal
time=2022-11-21T08:39:28+08:00 level=info msg=tasks running bot=internal
time=2022-11-21T08:39:28+08:00 level=info msg=start reload friends list bot=internal
time=2022-11-21T08:39:28+08:00 level=error msg=unable to load friends list bot=internal error=Packet failed to sendPacket: connection closed
time=2022-11-21T08:39:28+08:00 level=info msg=load 0 friends bot=internal
time=2022-11-21T08:39:28+08:00 level=info msg=start reload groups list bot=internal
time=2022-11-21T08:39:28+08:00 level=error msg=unable to load groups list bot=internal error=Packet failed to sendPacket: connection closed
time=2022-11-21T08:39:28+08:00 level=info msg=load 0 groups bot=internal
time=2022-11-21T08:39:49+08:00 level=info msg=initializing modules ... bot=internal
time=2022-11-21T08:39:49+08:00 level=info msg=all modules initialized bot=internal
time=2022-11-21T08:39:49+08:00 level=info msg=registering modules serve functions ... bot=internal
time=2022-11-21T08:39:49+08:00 level=info msg=all modules serve functions registered bot=internal
time=2022-11-21T08:39:49+08:00 level=info msg=starting modules tasks ... bot=internal
time=2022-11-21T08:39:49+08:00 level=info msg=tasks running bot=internal
time=2022-11-21T08:39:49+08:00 level=info msg=start reload friends list bot=internal
time=2022-11-21T08:39:49+08:00 level=error msg=unable to load friends list bot=internal error=Packet failed to sendPacket: connection closed
time=2022-11-21T08:39:49+08:00 level=info msg=load 0 friends bot=internal
time=2022-11-21T08:39:49+08:00 level=info msg=start reload groups list bot=internal
time=2022-11-21T08:39:49+08:00 level=error msg=unable to load groups list bot=internal error=Packet failed to sendPacket: connection closed
time=2022-11-21T08:39:49+08:00 level=info msg=load 0 groups bot=internal
time=2022-11-21T08:40:41+08:00 level=info msg=initializing modules ... bot=internal
time=2022-11-21T08:40:41+08:00 level=info msg=all modules initialized bot=internal
time=2022-11-21T08:40:41+08:00 level=info msg=registering modules serve functions ... bot=internal
time=2022-11-21T08:40:41+08:00 level=info msg=all modules serve functions registered bot=internal
time=2022-11-21T08:40:41+08:00 level=info msg=starting modules tasks ... bot=internal
time=2022-11-21T08:40:41+08:00 level=info msg=tasks running bot=internal
time=2022-11-21T08:40:41+08:00 level=info msg=start reload friends list bot=internal
time=2022-11-21T08:40:41+08:00 level=error msg=unable to load friends list bot=internal error=Packet failed to sendPacket: connection closed
time=2022-11-21T08:40:41+08:00 level=info msg=load 0 friends bot=internal
time=2022-11-21T08:40:41+08:00 level=info msg=start reload groups list bot=internal
time=2022-11-21T08:40:41+08:00 level=error msg=unable to load groups list bot=internal error=Packet failed to sendPacket: connection closed
time=2022-11-21T08:40:41+08:00 level=info msg=load 0 groups bot=internal
time=2022-11-21T08:44:33+08:00 level=info msg=initializing modules ... bot=internal
time=2022-11-21T08:44:33+08:00 level=info msg=all modules initialized bot=internal
time=2022-11-21T08:44:33+08:00 level=info msg=registering modules serve functions ... bot=internal
time=2022-11-21T08:44:33+08:00 level=info msg=all modules serve functions registered bot=internal
time=2022-11-21T08:44:33+08:00 level=info msg=starting modules tasks ... bot=internal
time=2022-11-21T08:44:33+08:00 level=info msg=tasks running bot=internal
time=2022-11-21T08:44:33+08:00 level=info msg=请使用账号 489901651 登录手机QQ扫描二维码 (qrcode.png) :  bot=internal
time=2022-11-21T08:44:51+08:00 level=info msg=扫码成功, 请在手机端确认登录. bot=internal
time=2022-11-21T08:44:59+08:00 level=info msg=start reload friends list bot=internal
time=2022-11-21T08:44:59+08:00 level=info msg=load 38 friends bot=internal
time=2022-11-21T08:44:59+08:00 level=info msg=start reload groups list bot=internal
time=2022-11-21T08:44:59+08:00 level=info msg=load 8 groups bot=internal
time=2022-11-21T08:45:09+08:00 level=info msg=1 MessageID=11126 MessageIID=1031124828 SenderID=549700459 Target=489901651 from=PrivateMessage module=internal.logging
time=2022-11-21T08:45:13+08:00 level=info msg=1 GroupCode=177056275 MessageID=44767 MessageIID=561789513 SenderID=549700459 from=GroupMessage module=internal.logging
time=2022-11-21T08:46:37+08:00 level=info msg=1 GroupCode=177056275 MessageID=44768 MessageIID=-223413316 SenderID=549700459 from=GroupMessage module=internal.logging
time=2022-11-21T08:46:53+08:00 level=info msg=查看图片102825311 GroupCode=177056275 MessageID=44769 MessageIID=-804242115 SenderID=549700459 from=GroupMessage module=internal.logging
time=2022-11-21T08:51:18+08:00 level=info msg=排行 GroupCode=177056275 MessageID=44771 MessageIID=1612769416 SenderID=549700459 from=GroupMessage module=internal.logging
time=2022-11-21T08:56:54+08:00 level=info msg=涩图 GroupCode=177056275 MessageID=44773 MessageIID=-88911545 SenderID=549700459 from=GroupMessage module=internal.logging
time=2022-11-21T08:57:06+08:00 level=info msg=涩图 GroupCode=177056275 MessageID=44775 MessageIID=1773016024 SenderID=549700459 from=GroupMessage module=internal.logging
time=2022-11-21T09:04:21+08:00 level=info msg=initializing modules ... bot=internal
time=2022-11-21T09:04:21+08:00 level=info msg=all modules initialized bot=internal
time=2022-11-21T09:04:21+08:00 level=info msg=registering modules serve functions ... bot=internal
time=2022-11-21T09:04:21+08:00 level=info msg=all modules serve functions registered bot=internal
time=2022-11-21T09:04:21+08:00 level=info msg=starting modules tasks ... bot=internal
time=2022-11-21T09:04:21+08:00 level=info msg=tasks running bot=internal
time=2022-11-21T09:04:21+08:00 level=info msg=请使用账号 489901651 登录手机QQ扫描二维码 (qrcode.png) :  bot=internal
time=2022-11-21T09:04:39+08:00 level=info msg=扫码成功, 请在手机端确认登录. bot=internal
time=2022-11-21T09:04:47+08:00 level=info msg=start reload friends list bot=internal
time=2022-11-21T09:04:47+08:00 level=info msg=load 38 friends bot=internal
time=2022-11-21T09:04:47+08:00 level=info msg=start reload groups list bot=internal
time=2022-11-21T09:04:48+08:00 level=info msg=load 8 groups bot=internal
time=2022-11-21T09:04:57+08:00 level=info msg='涩图'关键词触发 module=pixiv
time=2022-11-21T09:05:04+08:00 level=info msg=涩图 GroupCode=177056275 MessageID=44777 MessageIID=-831056044 SenderID=549700459 from=GroupMessage module=internal.logging
time=2022-11-21T09:05:57+08:00 level=info msg='排行'关键词触发 module=pixiv
time=2022-11-21T09:05:58+08:00 level=info msg=排行 GroupCode=177056275 MessageID=44779 MessageIID=-1663104401 SenderID=549700459 from=GroupMessage module=internal.logging
time=2022-11-21T09:07:56+08:00 level=info msg='排行'关键词触发 module=pixiv
time=2022-11-21T09:07:56+08:00 level=info msg=排行 GroupCode=177056275 MessageID=44781 MessageIID=1198356127 SenderID=549700459 from=GroupMessage module=internal.logging
time=2022-11-21T09:10:05+08:00 level=info msg=initializing modules ... bot=internal
time=2022-11-21T09:10:05+08:00 level=info msg=all modules initialized bot=internal
time=2022-11-21T09:10:05+08:00 level=info msg=registering modules serve functions ... bot=internal
time=2022-11-21T09:10:05+08:00 level=info msg=all modules serve functions registered bot=internal
time=2022-11-21T09:10:05+08:00 level=info msg=starting modules tasks ... bot=internal
time=2022-11-21T09:10:05+08:00 level=info msg=tasks running bot=internal
time=2022-11-21T09:10:05+08:00 level=info msg=请使用账号 489901651 登录手机QQ扫描二维码 (qrcode.png) :  bot=internal
time=2022-11-21T09:10:12+08:00 level=info msg=扫码成功, 请在手机端确认登录. bot=internal
time=2022-11-21T09:10:20+08:00 level=info msg=start reload friends list bot=internal
time=2022-11-21T09:10:20+08:00 level=info msg=load 38 friends bot=internal
time=2022-11-21T09:10:20+08:00 level=info msg=start reload groups list bot=internal
time=2022-11-21T09:10:20+08:00 level=info msg=load 8 groups bot=internal
time=2022-11-21T09:10:28+08:00 level=info msg=排行 GroupCode=177056275 MessageID=44783 MessageIID=351466552 SenderID=549700459 from=GroupMessage module=internal.logging
time=2022-11-21T09:10:28+08:00 level=info msg='排行'关键词触发 module=pixiv
time=2022-11-21T09:11:10+08:00 level=info msg=涩图 GroupCode=177056275 MessageID=44785 MessageIID=1248086437 SenderID=549700459 from=GroupMessage module=internal.logging
time=2022-11-21T09:11:10+08:00 level=info msg='涩图'关键词触发 module=pixiv
time=2022-11-21T09:11:50+08:00 level=info msg=涩图 GroupCode=177056275 MessageID=44786 MessageIID=619960140 SenderID=549700459 from=GroupMessage module=internal.logging
time=2022-11-21T09:11:50+08:00 level=info msg='涩图'关键词触发 module=pixiv
time=2022-11-21T09:11:58+08:00 level=info msg=菜单 GroupCode=177056275 MessageID=44787 MessageIID=1969516832 SenderID=549700459 from=GroupMessage module=internal.logging
time=2022-11-21T09:11:58+08:00 level=info msg='菜单'关键词触发 module=pixiv
time=2022-11-21T09:12:13+08:00 level=info msg=以图搜图[Image: 0BCB58C64B01833CAD6904CD1A1A37E6.jpg] GroupCode=177056275 MessageID=44791 MessageIID=1548158639 SenderID=549700459 from=GroupMessage module=internal.logging
time=2022-11-21T09:12:13+08:00 level=info msg='以图搜图'关键词触发 module=pixiv
