time=2022-11-20T00:23:06+08:00 level=info msg=initializing modules ... bot=internal
time=2022-11-20T00:23:06+08:00 level=info msg=all modules initialized bot=internal
time=2022-11-20T00:23:06+08:00 level=info msg=registering modules serve functions ... bot=internal
time=2022-11-20T00:23:06+08:00 level=info msg=all modules serve functions registered bot=internal
time=2022-11-20T00:23:06+08:00 level=info msg=starting modules tasks ... bot=internal
time=2022-11-20T00:23:06+08:00 level=info msg=tasks running bot=internal
time=2022-11-20T00:23:06+08:00 level=warning msg=登录需要滑条验证码, 请使用手机QQ扫描二维码以继续登录. bot=internal
time=2022-11-20T00:23:06+08:00 level=info msg=请使用手机QQ扫描二维码 (qrcode.png) :  bot=internal
time=2022-11-20T00:23:38+08:00 level=fatal msg=扫码被用户取消. bot=internal
time=2022-11-20T00:23:54+08:00 level=info msg=initializing modules ... bot=internal
time=2022-11-20T00:23:54+08:00 level=info msg=all modules initialized bot=internal
time=2022-11-20T00:23:54+08:00 level=info msg=registering modules serve functions ... bot=internal
time=2022-11-20T00:23:54+08:00 level=info msg=all modules serve functions registered bot=internal
time=2022-11-20T00:23:54+08:00 level=info msg=starting modules tasks ... bot=internal
time=2022-11-20T00:23:54+08:00 level=info msg=tasks running bot=internal
time=2022-11-20T00:23:55+08:00 level=warning msg=登录需要滑条验证码, 请使用手机QQ扫描二维码以继续登录. bot=internal
time=2022-11-20T00:23:55+08:00 level=info msg=请使用手机QQ扫描二维码 (qrcode.png) :  bot=internal
time=2022-11-20T00:24:01+08:00 level=info msg=扫码成功, 请在手机端确认登录. bot=internal
time=2022-11-20T00:24:08+08:00 level=info msg=start reload friends list bot=internal
time=2022-11-20T00:24:08+08:00 level=info msg=load 38 friends bot=internal
time=2022-11-20T00:24:08+08:00 level=info msg=start reload groups list bot=internal
time=2022-11-20T00:24:09+08:00 level=info msg=load 8 groups bot=internal
time=2022-11-20T19:32:19+08:00 level=info msg=initializing modules ... bot=internal
time=2022-11-20T19:32:19+08:00 level=info msg=all modules initialized bot=internal
time=2022-11-20T19:32:19+08:00 level=info msg=registering modules serve functions ... bot=internal
time=2022-11-20T19:32:19+08:00 level=info msg=all modules serve functions registered bot=internal
time=2022-11-20T19:32:19+08:00 level=info msg=starting modules tasks ... bot=internal
time=2022-11-20T19:32:19+08:00 level=info msg=tasks running bot=internal
time=2022-11-20T19:32:19+08:00 level=warning msg=登录需要滑条验证码, 请使用手机QQ扫描二维码以继续登录. bot=internal
time=2022-11-20T19:32:20+08:00 level=info msg=请使用手机QQ扫描二维码 (qrcode.png) :  bot=internal
time=2022-11-20T19:33:42+08:00 level=info msg=initializing modules ... bot=internal
time=2022-11-20T19:33:42+08:00 level=info msg=all modules initialized bot=internal
time=2022-11-20T19:33:42+08:00 level=info msg=registering modules serve functions ... bot=internal
time=2022-11-20T19:33:42+08:00 level=info msg=all modules serve functions registered bot=internal
time=2022-11-20T19:33:42+08:00 level=info msg=starting modules tasks ... bot=internal
time=2022-11-20T19:33:42+08:00 level=info msg=tasks running bot=internal
time=2022-11-20T19:33:42+08:00 level=warning msg=登录需要滑条验证码, 请使用手机QQ扫描二维码以继续登录. bot=internal
time=2022-11-20T19:33:43+08:00 level=info msg=请使用手机QQ扫描二维码 (qrcode.png) :  bot=internal
time=2022-11-20T19:34:00+08:00 level=info msg=扫码成功, 请在手机端确认登录. bot=internal
time=2022-11-20T19:34:07+08:00 level=info msg=start reload friends list bot=internal
time=2022-11-20T19:34:07+08:00 level=info msg=load 38 friends bot=internal
time=2022-11-20T19:34:07+08:00 level=info msg=start reload groups list bot=internal
time=2022-11-20T19:34:08+08:00 level=info msg=load 8 groups bot=internal
time=2022-11-20T19:35:24+08:00 level=info msg=initializing modules ... bot=internal
time=2022-11-20T19:35:24+08:00 level=info msg=all modules initialized bot=internal
time=2022-11-20T19:35:24+08:00 level=info msg=registering modules serve functions ... bot=internal
time=2022-11-20T19:35:24+08:00 level=info msg=all modules serve functions registered bot=internal
time=2022-11-20T19:35:24+08:00 level=info msg=starting modules tasks ... bot=internal
time=2022-11-20T19:35:24+08:00 level=info msg=tasks running bot=internal
time=2022-11-20T19:35:24+08:00 level=warning msg=登录需要滑条验证码, 请使用手机QQ扫描二维码以继续登录. bot=internal
time=2022-11-20T19:35:25+08:00 level=info msg=请使用手机QQ扫描二维码 (qrcode.png) :  bot=internal
time=2022-11-20T19:35:40+08:00 level=info msg=扫码成功, 请在手机端确认登录. bot=internal
time=2022-11-20T19:35:47+08:00 level=info msg=start reload friends list bot=internal
time=2022-11-20T19:35:47+08:00 level=info msg=load 38 friends bot=internal
time=2022-11-20T19:35:47+08:00 level=info msg=start reload groups list bot=internal
time=2022-11-20T19:35:48+08:00 level=info msg=load 8 groups bot=internal
time=2022-11-20T19:47:05+08:00 level=info msg=initializing modules ... bot=internal
time=2022-11-20T19:47:05+08:00 level=info msg=all modules initialized bot=internal
time=2022-11-20T19:47:05+08:00 level=info msg=registering modules serve functions ... bot=internal
time=2022-11-20T19:47:05+08:00 level=info msg=all modules serve functions registered bot=internal
time=2022-11-20T19:47:05+08:00 level=info msg=starting modules tasks ... bot=internal
time=2022-11-20T19:47:05+08:00 level=info msg=tasks running bot=internal
time=2022-11-20T19:47:05+08:00 level=warning msg=登录需要滑条验证码, 请使用手机QQ扫描二维码以继续登录. bot=internal
time=2022-11-20T19:47:06+08:00 level=info msg=请使用手机QQ扫描二维码 (qrcode.png) :  bot=internal
time=2022-11-20T19:47:36+08:00 level=info msg=扫码成功, 请在手机端确认登录. bot=internal
time=2022-11-20T19:47:44+08:00 level=info msg=start reload friends list bot=internal
time=2022-11-20T19:47:44+08:00 level=info msg=load 38 friends bot=internal
time=2022-11-20T19:47:44+08:00 level=info msg=start reload groups list bot=internal
time=2022-11-20T19:47:45+08:00 level=info msg=load 8 groups bot=internal
time=2022-11-20T20:10:15+08:00 level=info msg=initializing modules ... bot=internal
time=2022-11-20T20:10:15+08:00 level=info msg=all modules initialized bot=internal
time=2022-11-20T20:10:15+08:00 level=info msg=registering modules serve functions ... bot=internal
time=2022-11-20T20:10:15+08:00 level=info msg=all modules serve functions registered bot=internal
time=2022-11-20T20:10:15+08:00 level=info msg=starting modules tasks ... bot=internal
time=2022-11-20T20:10:15+08:00 level=info msg=tasks running bot=internal
time=2022-11-20T20:10:15+08:00 level=warning msg=登录需要滑条验证码, 请使用手机QQ扫描二维码以继续登录. bot=internal
time=2022-11-20T20:10:16+08:00 level=info msg=请使用手机QQ扫描二维码 (qrcode.png) :  bot=internal
time=2022-11-20T20:10:31+08:00 level=info msg=扫码成功, 请在手机端确认登录. bot=internal
time=2022-11-20T20:10:40+08:00 level=info msg=start reload friends list bot=internal
time=2022-11-20T20:10:40+08:00 level=info msg=load 38 friends bot=internal
time=2022-11-20T20:10:40+08:00 level=info msg=start reload groups list bot=internal
time=2022-11-20T20:10:41+08:00 level=info msg=load 8 groups bot=internal
