time=2022-11-14T09:32:00+08:00 level=info msg=initializing modules ... bot=internal
time=2022-11-14T09:32:00+08:00 level=info msg=all modules initialized bot=internal
time=2022-11-14T09:32:00+08:00 level=info msg=registering modules serve functions ... bot=internal
time=2022-11-14T09:32:00+08:00 level=info msg=all modules serve functions registered bot=internal
time=2022-11-14T09:32:00+08:00 level=info msg=starting modules tasks ... bot=internal
time=2022-11-14T09:32:00+08:00 level=info msg=tasks running bot=internal
time=2022-11-14T09:32:00+08:00 level=info msg=检测到会话缓存, 尝试快速恢复登录 bot=internal
time=2022-11-14T09:32:00+08:00 level=info msg=检测到会话缓存, 尝试快速恢复登录 bot=internal
time=2022-11-14T09:32:02+08:00 level=info msg=快速恢复登录成功 bot=internal
time=2022-11-14T09:32:02+08:00 level=info msg=start reload friends list bot=internal
time=2022-11-14T09:32:02+08:00 level=info msg=load 38 friends bot=internal
time=2022-11-14T09:32:02+08:00 level=info msg=start reload groups list bot=internal
time=2022-11-14T09:32:02+08:00 level=info msg=load 8 groups bot=internal
time=2022-11-14T09:48:09+08:00 level=info msg=initializing modules ... bot=internal
time=2022-11-14T09:48:09+08:00 level=info msg=all modules initialized bot=internal
time=2022-11-14T09:48:09+08:00 level=info msg=registering modules serve functions ... bot=internal
time=2022-11-14T09:48:09+08:00 level=info msg=all modules serve functions registered bot=internal
time=2022-11-14T09:48:09+08:00 level=info msg=starting modules tasks ... bot=internal
time=2022-11-14T09:48:09+08:00 level=info msg=tasks running bot=internal
time=2022-11-14T09:48:09+08:00 level=info msg=检测到会话缓存, 尝试快速恢复登录 bot=internal
time=2022-11-14T09:48:09+08:00 level=info msg=检测到会话缓存, 尝试快速恢复登录 bot=internal
time=2022-11-14T09:48:12+08:00 level=info msg=快速恢复登录成功 bot=internal
time=2022-11-14T09:48:12+08:00 level=info msg=start reload friends list bot=internal
time=2022-11-14T09:48:12+08:00 level=info msg=load 38 friends bot=internal
time=2022-11-14T09:48:12+08:00 level=info msg=start reload groups list bot=internal
time=2022-11-14T09:48:12+08:00 level=info msg=load 8 groups bot=internal
time=2022-11-14T09:48:20+08:00 level=info msg=1 GroupCode=177056275 MessageID=44290 MessageIID=734641797 SenderID=549700459 from=GroupMessage module=internal.logging
time=2022-11-14T09:48:33+08:00 level=info msg=1 GroupCode=177056275 MessageID=44291 MessageIID=1658509095 SenderID=549700459 from=GroupMessage module=internal.logging
time=2022-11-14T09:48:39+08:00 level=info msg=1 GroupCode=177056275 MessageID=44292 MessageIID=432330450 SenderID=549700459 from=GroupMessage module=internal.logging
time=2022-11-14T09:53:25+08:00 level=info msg=initializing modules ... bot=internal
time=2022-11-14T09:53:25+08:00 level=info msg=all modules initialized bot=internal
time=2022-11-14T09:53:25+08:00 level=info msg=registering modules serve functions ... bot=internal
time=2022-11-14T09:53:25+08:00 level=info msg=all modules serve functions registered bot=internal
time=2022-11-14T09:53:25+08:00 level=info msg=starting modules tasks ... bot=internal
time=2022-11-14T09:53:25+08:00 level=info msg=tasks running bot=internal
time=2022-11-14T09:53:25+08:00 level=info msg=检测到会话缓存, 尝试快速恢复登录 bot=internal
time=2022-11-14T09:53:25+08:00 level=info msg=检测到会话缓存, 尝试快速恢复登录 bot=internal
time=2022-11-14T09:53:27+08:00 level=info msg=快速恢复登录成功 bot=internal
time=2022-11-14T09:53:27+08:00 level=info msg=start reload friends list bot=internal
time=2022-11-14T09:53:27+08:00 level=info msg=load 38 friends bot=internal
time=2022-11-14T09:53:27+08:00 level=info msg=start reload groups list bot=internal
time=2022-11-14T09:53:28+08:00 level=info msg=load 8 groups bot=internal
time=2022-11-14T09:53:43+08:00 level=info msg=1 GroupCode=177056275 MessageID=44293 MessageIID=2085754766 SenderID=549700459 from=GroupMessage module=internal.logging
time=2022-11-14T09:53:48+08:00 level=info msg=1 GroupCode=856722093 MessageID=295060 MessageIID=1418616672 SenderID=549700459 from=GroupMessage module=internal.logging
time=2022-11-14T09:53:57+08:00 level=info msg=group message recall GroupCode=856722093 MessageID=295060 OperatorID=549700459 SenderID=549700459 from=GroupMessageRecall module=internal.logging
time=2022-11-14T09:56:36+08:00 level=info msg=initializing modules ... bot=internal
time=2022-11-14T09:56:36+08:00 level=info msg=all modules initialized bot=internal
time=2022-11-14T09:56:36+08:00 level=info msg=registering modules serve functions ... bot=internal
time=2022-11-14T09:56:36+08:00 level=info msg=all modules serve functions registered bot=internal
time=2022-11-14T09:56:36+08:00 level=info msg=starting modules tasks ... bot=internal
time=2022-11-14T09:56:36+08:00 level=info msg=tasks running bot=internal
time=2022-11-14T09:56:36+08:00 level=info msg=检测到会话缓存, 尝试快速恢复登录 bot=internal
time=2022-11-14T09:56:36+08:00 level=info msg=检测到会话缓存, 尝试快速恢复登录 bot=internal
time=2022-11-14T09:56:38+08:00 level=info msg=快速恢复登录成功 bot=internal
time=2022-11-14T09:56:38+08:00 level=info msg=start reload friends list bot=internal
time=2022-11-14T09:56:38+08:00 level=info msg=load 38 friends bot=internal
time=2022-11-14T09:56:38+08:00 level=info msg=start reload groups list bot=internal
time=2022-11-14T09:56:39+08:00 level=info msg=load 8 groups bot=internal
time=2022-11-14T09:57:09+08:00 level=info msg=1 GroupCode=856722093 MessageID=295061 MessageIID=2106168721 SenderID=549700459 from=GroupMessage module=internal.logging
time=2022-11-14T09:57:12+08:00 level=info msg=group message recall GroupCode=856722093 MessageID=295061 OperatorID=549700459 SenderID=549700459 from=GroupMessageRecall module=internal.logging
time=2022-11-14T10:07:10+08:00 level=info msg=initializing modules ... bot=internal
time=2022-11-14T10:07:10+08:00 level=info msg=all modules initialized bot=internal
time=2022-11-14T10:07:10+08:00 level=info msg=registering modules serve functions ... bot=internal
time=2022-11-14T10:07:10+08:00 level=info msg=all modules serve functions registered bot=internal
time=2022-11-14T10:07:10+08:00 level=info msg=starting modules tasks ... bot=internal
time=2022-11-14T10:07:10+08:00 level=info msg=tasks running bot=internal
time=2022-11-14T10:07:10+08:00 level=info msg=检测到会话缓存, 尝试快速恢复登录 bot=internal
time=2022-11-14T10:07:10+08:00 level=info msg=检测到会话缓存, 尝试快速恢复登录 bot=internal
time=2022-11-14T10:07:13+08:00 level=info msg=快速恢复登录成功 bot=internal
time=2022-11-14T10:07:13+08:00 level=info msg=start reload friends list bot=internal
time=2022-11-14T10:07:13+08:00 level=info msg=load 38 friends bot=internal
time=2022-11-14T10:07:13+08:00 level=info msg=start reload groups list bot=internal
time=2022-11-14T10:07:13+08:00 level=info msg=load 8 groups bot=internal
time=2022-11-14T10:07:25+08:00 level=info msg=1 GroupCode=856722093 MessageID=295062 MessageIID=1684572386 SenderID=549700459 from=GroupMessage module=internal.logging
time=2022-11-14T10:07:33+08:00 level=info msg=1 GroupCode=856722093 MessageID=295063 MessageIID=1844597916 SenderID=549700459 from=GroupMessage module=internal.logging
time=2022-11-14T10:07:53+08:00 level=info msg=initializing modules ... bot=internal
time=2022-11-14T10:07:53+08:00 level=info msg=all modules initialized bot=internal
time=2022-11-14T10:07:53+08:00 level=info msg=registering modules serve functions ... bot=internal
time=2022-11-14T10:07:53+08:00 level=info msg=all modules serve functions registered bot=internal
time=2022-11-14T10:07:53+08:00 level=info msg=starting modules tasks ... bot=internal
time=2022-11-14T10:07:53+08:00 level=info msg=tasks running bot=internal
time=2022-11-14T10:07:53+08:00 level=info msg=检测到会话缓存, 尝试快速恢复登录 bot=internal
time=2022-11-14T10:07:53+08:00 level=info msg=检测到会话缓存, 尝试快速恢复登录 bot=internal
time=2022-11-14T10:07:55+08:00 level=info msg=快速恢复登录成功 bot=internal
time=2022-11-14T10:07:55+08:00 level=info msg=start reload friends list bot=internal
time=2022-11-14T10:07:55+08:00 level=info msg=load 38 friends bot=internal
time=2022-11-14T10:07:55+08:00 level=info msg=start reload groups list bot=internal
time=2022-11-14T10:07:56+08:00 level=info msg=load 8 groups bot=internal
time=2022-11-14T10:07:58+08:00 level=info msg=1 GroupCode=856722093 MessageID=295064 MessageIID=305989817 SenderID=549700459 from=GroupMessage module=internal.logging
time=2022-11-14T10:08:00+08:00 level=info msg=group message recall GroupCode=856722093 MessageID=295064 OperatorID=549700459 SenderID=549700459 from=GroupMessageRecall module=internal.logging
time=2022-11-14T10:08:03+08:00 level=info msg=group message recall GroupCode=856722093 MessageID=295063 OperatorID=549700459 SenderID=549700459 from=GroupMessageRecall module=internal.logging
time=2022-11-14T10:08:04+08:00 level=info msg=group message recall GroupCode=856722093 MessageID=295062 OperatorID=549700459 SenderID=549700459 from=GroupMessageRecall module=internal.logging
time=2022-11-14T10:08:08+08:00 level=info msg=1 GroupCode=177056275 MessageID=44294 MessageIID=386374766 SenderID=549700459 from=GroupMessage module=internal.logging
time=2022-11-14T10:08:12+08:00 level=info msg=1 GroupCode=177056275 MessageID=44295 MessageIID=1153588530 SenderID=549700459 from=GroupMessage module=internal.logging
time=2022-11-14T10:08:15+08:00 level=info msg=1 GroupCode=177056275 MessageID=44296 MessageIID=485904192 SenderID=549700459 from=GroupMessage module=internal.logging
time=2022-11-14T10:08:17+08:00 level=info msg=1 GroupCode=177056275 MessageID=44297 MessageIID=512311550 SenderID=549700459 from=GroupMessage module=internal.logging
time=2022-11-14T10:08:21+08:00 level=info msg=u度 GroupCode=177056275 MessageID=44298 MessageIID=1719498641 SenderID=549700459 from=GroupMessage module=internal.logging
time=2022-11-14T10:08:26+08:00 level=info msg=u粗度 GroupCode=177056275 MessageID=44299 MessageIID=1911317862 SenderID=549700459 from=GroupMessage module=internal.logging
time=2022-11-14T10:22:22+08:00 level=info msg=initializing modules ... bot=internal
time=2022-11-14T10:22:22+08:00 level=info msg=all modules initialized bot=internal
time=2022-11-14T10:22:22+08:00 level=info msg=registering modules serve functions ... bot=internal
time=2022-11-14T10:22:22+08:00 level=info msg=all modules serve functions registered bot=internal
time=2022-11-14T10:22:22+08:00 level=info msg=starting modules tasks ... bot=internal
time=2022-11-14T10:22:22+08:00 level=info msg=tasks running bot=internal
time=2022-11-14T10:22:22+08:00 level=info msg=检测到会话缓存, 尝试快速恢复登录 bot=internal
time=2022-11-14T10:22:22+08:00 level=info msg=检测到会话缓存, 尝试快速恢复登录 bot=internal
time=2022-11-14T10:22:24+08:00 level=info msg=快速恢复登录成功 bot=internal
time=2022-11-14T10:22:24+08:00 level=info msg=start reload friends list bot=internal
time=2022-11-14T10:22:24+08:00 level=info msg=load 38 friends bot=internal
time=2022-11-14T10:22:24+08:00 level=info msg=start reload groups list bot=internal
time=2022-11-14T10:22:24+08:00 level=info msg=load 8 groups bot=internal
time=2022-11-14T10:22:28+08:00 level=info msg=1 GroupCode=177056275 MessageID=44300 MessageIID=927277996 SenderID=549700459 from=GroupMessage module=internal.logging
time=2022-11-14T10:22:35+08:00 level=info msg=1 GroupCode=177056275 MessageID=44302 MessageIID=1188463997 SenderID=549700459 from=GroupMessage module=internal.logging
time=2022-11-14T10:59:56+08:00 level=info msg=initializing modules ... bot=internal
time=2022-11-14T10:59:56+08:00 level=info msg=all modules initialized bot=internal
time=2022-11-14T10:59:56+08:00 level=info msg=registering modules serve functions ... bot=internal
time=2022-11-14T10:59:56+08:00 level=info msg=all modules serve functions registered bot=internal
time=2022-11-14T10:59:56+08:00 level=info msg=starting modules tasks ... bot=internal
time=2022-11-14T10:59:56+08:00 level=info msg=tasks running bot=internal
time=2022-11-14T10:59:56+08:00 level=info msg=检测到会话缓存, 尝试快速恢复登录 bot=internal
time=2022-11-14T10:59:56+08:00 level=info msg=检测到会话缓存, 尝试快速恢复登录 bot=internal
time=2022-11-14T10:59:59+08:00 level=info msg=快速恢复登录成功 bot=internal
time=2022-11-14T10:59:59+08:00 level=info msg=start reload friends list bot=internal
time=2022-11-14T10:59:59+08:00 level=info msg=load 38 friends bot=internal
time=2022-11-14T10:59:59+08:00 level=info msg=start reload groups list bot=internal
time=2022-11-14T11:00:00+08:00 level=info msg=load 8 groups bot=internal
time=2022-11-14T11:00:04+08:00 level=info msg=测试 GroupCode=177056275 MessageID=44304 MessageIID=1203111076 SenderID=549700459 from=GroupMessage module=internal.logging
time=2022-11-14T11:00:10+08:00 level=info msg=测试 GroupCode=177056275 MessageID=44306 MessageIID=187764111 SenderID=549700459 from=GroupMessage module=internal.logging
time=2022-11-14T11:01:00+08:00 level=info msg=initializing modules ... bot=internal
time=2022-11-14T11:01:00+08:00 level=info msg=all modules initialized bot=internal
time=2022-11-14T11:01:00+08:00 level=info msg=registering modules serve functions ... bot=internal
time=2022-11-14T11:01:00+08:00 level=info msg=all modules serve functions registered bot=internal
time=2022-11-14T11:01:00+08:00 level=info msg=starting modules tasks ... bot=internal
time=2022-11-14T11:01:00+08:00 level=info msg=tasks running bot=internal
time=2022-11-14T11:01:00+08:00 level=info msg=检测到会话缓存, 尝试快速恢复登录 bot=internal
time=2022-11-14T11:01:00+08:00 level=info msg=检测到会话缓存, 尝试快速恢复登录 bot=internal
time=2022-11-14T11:01:03+08:00 level=info msg=快速恢复登录成功 bot=internal
time=2022-11-14T11:01:03+08:00 level=info msg=start reload friends list bot=internal
time=2022-11-14T11:01:03+08:00 level=info msg=load 38 friends bot=internal
time=2022-11-14T11:01:03+08:00 level=info msg=start reload groups list bot=internal
time=2022-11-14T11:01:03+08:00 level=info msg=测试 GroupCode=177056275 MessageID=44308 MessageIID=186737021 SenderID=549700459 from=GroupMessage module=internal.logging
time=2022-11-14T11:01:03+08:00 level=info msg=load 8 groups bot=internal
time=2022-11-14T11:01:07+08:00 level=info msg=测试 GroupCode=177056275 MessageID=44309 MessageIID=51638022 SenderID=549700459 from=GroupMessage module=internal.logging
time=2022-11-14T11:01:14+08:00 level=info msg=测试 GroupCode=177056275 MessageID=44311 MessageIID=1099859382 SenderID=549700459 from=GroupMessage module=internal.logging
time=2022-11-14T11:01:31+08:00 level=info msg=[Image: B727BB06012886BDE592011F12F87506.jpg] GroupCode=177056275 MessageID=44313 MessageIID=1216406449 SenderID=549700459 from=GroupMessage module=internal.logging
time=2022-11-14T11:17:19+08:00 level=warning msg=bot disconnected from=Disconnected module=internal.logging reason=connection dropped by server.
time=2022-11-14T11:37:21+08:00 level=info msg=initializing modules ... bot=internal
time=2022-11-14T11:37:21+08:00 level=info msg=all modules initialized bot=internal
time=2022-11-14T11:37:21+08:00 level=info msg=registering modules serve functions ... bot=internal
time=2022-11-14T11:37:21+08:00 level=info msg=all modules serve functions registered bot=internal
time=2022-11-14T11:37:21+08:00 level=info msg=starting modules tasks ... bot=internal
time=2022-11-14T11:37:21+08:00 level=info msg=tasks running bot=internal
time=2022-11-14T11:37:21+08:00 level=info msg=检测到会话缓存, 尝试快速恢复登录 bot=internal
time=2022-11-14T11:37:21+08:00 level=info msg=检测到会话缓存, 尝试快速恢复登录 bot=internal
time=2022-11-14T11:37:23+08:00 level=info msg=快速恢复登录成功 bot=internal
time=2022-11-14T11:37:23+08:00 level=info msg=start reload friends list bot=internal
time=2022-11-14T11:37:23+08:00 level=info msg=load 38 friends bot=internal
time=2022-11-14T11:37:23+08:00 level=info msg=start reload groups list bot=internal
time=2022-11-14T11:37:24+08:00 level=info msg=load 8 groups bot=internal
time=2022-11-14T11:37:24+08:00 level=info msg=测试 GroupCode=177056275 MessageID=44315 MessageIID=2074780679 SenderID=549700459 from=GroupMessage module=internal.logging
time=2022-11-14T11:37:28+08:00 level=info msg=测试 GroupCode=177056275 MessageID=44317 MessageIID=649318938 SenderID=549700459 from=GroupMessage module=internal.logging
time=2022-11-14T11:38:22+08:00 level=info msg=测试 GroupCode=177056275 MessageID=44319 MessageIID=2141075052 SenderID=549700459 from=GroupMessage module=internal.logging
time=2022-11-14T11:38:40+08:00 level=info msg=initializing modules ... bot=internal
time=2022-11-14T11:38:40+08:00 level=info msg=all modules initialized bot=internal
time=2022-11-14T11:38:40+08:00 level=info msg=registering modules serve functions ... bot=internal
time=2022-11-14T11:38:40+08:00 level=info msg=all modules serve functions registered bot=internal
time=2022-11-14T11:38:40+08:00 level=info msg=starting modules tasks ... bot=internal
time=2022-11-14T11:38:40+08:00 level=info msg=tasks running bot=internal
time=2022-11-14T11:38:40+08:00 level=info msg=检测到会话缓存, 尝试快速恢复登录 bot=internal
time=2022-11-14T11:38:40+08:00 level=info msg=检测到会话缓存, 尝试快速恢复登录 bot=internal
time=2022-11-14T11:38:42+08:00 level=info msg=快速恢复登录成功 bot=internal
time=2022-11-14T11:38:42+08:00 level=info msg=start reload friends list bot=internal
time=2022-11-14T11:38:42+08:00 level=info msg=load 38 friends bot=internal
time=2022-11-14T11:38:42+08:00 level=info msg=start reload groups list bot=internal
time=2022-11-14T11:38:43+08:00 level=info msg=load 8 groups bot=internal
time=2022-11-14T11:38:43+08:00 level=info msg=测试 GroupCode=177056275 MessageID=44322 MessageIID=1463736227 SenderID=549700459 from=GroupMessage module=internal.logging
time=2022-11-14T11:38:46+08:00 level=info msg=测试 GroupCode=177056275 MessageID=44324 MessageIID=1436846586 SenderID=549700459 from=GroupMessage module=internal.logging
time=2022-11-14T12:02:44+08:00 level=info msg=initializing modules ... bot=internal
time=2022-11-14T12:02:44+08:00 level=info msg=all modules initialized bot=internal
time=2022-11-14T12:02:44+08:00 level=info msg=registering modules serve functions ... bot=internal
time=2022-11-14T12:02:44+08:00 level=info msg=all modules serve functions registered bot=internal
time=2022-11-14T12:02:44+08:00 level=info msg=starting modules tasks ... bot=internal
time=2022-11-14T12:02:44+08:00 level=info msg=tasks running bot=internal
time=2022-11-14T12:02:44+08:00 level=info msg=检测到会话缓存, 尝试快速恢复登录 bot=internal
time=2022-11-14T12:02:44+08:00 level=info msg=检测到会话缓存, 尝试快速恢复登录 bot=internal
time=2022-11-14T12:02:47+08:00 level=info msg=快速恢复登录成功 bot=internal
time=2022-11-14T12:02:47+08:00 level=info msg=start reload friends list bot=internal
time=2022-11-14T12:02:47+08:00 level=info msg=load 38 friends bot=internal
time=2022-11-14T12:02:47+08:00 level=info msg=start reload groups list bot=internal
time=2022-11-14T12:02:47+08:00 level=info msg=load 8 groups bot=internal
time=2022-11-14T12:03:02+08:00 level=info msg=测试 GroupCode=177056275 MessageID=44326 MessageIID=-707487215 SenderID=549700459 from=GroupMessage module=internal.logging
time=2022-11-14T12:03:05+08:00 level=info msg=1 GroupCode=177056275 MessageID=44328 MessageIID=740698231 SenderID=549700459 from=GroupMessage module=internal.logging
time=2022-11-14T12:05:05+08:00 level=info msg=initializing modules ... bot=internal
time=2022-11-14T12:05:05+08:00 level=info msg=all modules initialized bot=internal
time=2022-11-14T12:05:05+08:00 level=info msg=registering modules serve functions ... bot=internal
time=2022-11-14T12:05:05+08:00 level=info msg=all modules serve functions registered bot=internal
time=2022-11-14T12:05:05+08:00 level=info msg=starting modules tasks ... bot=internal
time=2022-11-14T12:05:05+08:00 level=info msg=tasks running bot=internal
time=2022-11-14T12:05:05+08:00 level=info msg=检测到会话缓存, 尝试快速恢复登录 bot=internal
time=2022-11-14T12:05:05+08:00 level=info msg=检测到会话缓存, 尝试快速恢复登录 bot=internal
time=2022-11-14T12:05:08+08:00 level=info msg=快速恢复登录成功 bot=internal
time=2022-11-14T12:05:08+08:00 level=info msg=start reload friends list bot=internal
time=2022-11-14T12:05:08+08:00 level=info msg=load 38 friends bot=internal
time=2022-11-14T12:05:08+08:00 level=info msg=start reload groups list bot=internal
time=2022-11-14T12:05:08+08:00 level=info msg=load 8 groups bot=internal
time=2022-11-14T12:05:13+08:00 level=info msg=1 GroupCode=177056275 MessageID=44330 MessageIID=921312681 SenderID=549700459 from=GroupMessage module=internal.logging
time=2022-11-14T12:05:16+08:00 level=info msg=1 GroupCode=177056275 MessageID=44332 MessageIID=90602162 SenderID=549700459 from=GroupMessage module=internal.logging
time=2022-11-14T12:06:31+08:00 level=info msg=initializing modules ... bot=internal
time=2022-11-14T12:06:31+08:00 level=info msg=all modules initialized bot=internal
time=2022-11-14T12:06:31+08:00 level=info msg=registering modules serve functions ... bot=internal
time=2022-11-14T12:06:31+08:00 level=info msg=all modules serve functions registered bot=internal
time=2022-11-14T12:06:31+08:00 level=info msg=starting modules tasks ... bot=internal
time=2022-11-14T12:06:31+08:00 level=info msg=tasks running bot=internal
time=2022-11-14T12:06:31+08:00 level=info msg=检测到会话缓存, 尝试快速恢复登录 bot=internal
time=2022-11-14T12:06:31+08:00 level=info msg=检测到会话缓存, 尝试快速恢复登录 bot=internal
time=2022-11-14T12:06:33+08:00 level=info msg=快速恢复登录成功 bot=internal
time=2022-11-14T12:06:33+08:00 level=info msg=start reload friends list bot=internal
time=2022-11-14T12:06:33+08:00 level=info msg=load 38 friends bot=internal
time=2022-11-14T12:06:33+08:00 level=info msg=start reload groups list bot=internal
time=2022-11-14T12:06:34+08:00 level=info msg=load 8 groups bot=internal
time=2022-11-14T12:06:34+08:00 level=info msg=1 GroupCode=177056275 MessageID=44334 MessageIID=-1489658074 SenderID=549700459 from=GroupMessage module=internal.logging
time=2022-11-14T12:06:40+08:00 level=info msg=123 GroupCode=177056275 MessageID=44336 MessageIID=1219761603 SenderID=549700459 from=GroupMessage module=internal.logging
time=2022-11-14T12:06:44+08:00 level=info msg=12 GroupCode=177056275 MessageID=44338 MessageIID=1254822778 SenderID=549700459 from=GroupMessage module=internal.logging
time=2022-11-14T12:07:28+08:00 level=info msg=initializing modules ... bot=internal
time=2022-11-14T12:07:28+08:00 level=info msg=all modules initialized bot=internal
time=2022-11-14T12:07:28+08:00 level=info msg=registering modules serve functions ... bot=internal
time=2022-11-14T12:07:28+08:00 level=info msg=all modules serve functions registered bot=internal
time=2022-11-14T12:07:28+08:00 level=info msg=starting modules tasks ... bot=internal
time=2022-11-14T12:07:28+08:00 level=info msg=tasks running bot=internal
time=2022-11-14T12:07:28+08:00 level=info msg=检测到会话缓存, 尝试快速恢复登录 bot=internal
time=2022-11-14T12:07:28+08:00 level=info msg=检测到会话缓存, 尝试快速恢复登录 bot=internal
time=2022-11-14T12:07:30+08:00 level=info msg=快速恢复登录成功 bot=internal
time=2022-11-14T12:07:30+08:00 level=info msg=start reload friends list bot=internal
time=2022-11-14T12:07:30+08:00 level=info msg=load 38 friends bot=internal
time=2022-11-14T12:07:30+08:00 level=info msg=start reload groups list bot=internal
time=2022-11-14T12:07:30+08:00 level=info msg=12 GroupCode=177056275 MessageID=44340 MessageIID=-765153418 SenderID=549700459 from=GroupMessage module=internal.logging
time=2022-11-14T12:07:31+08:00 level=info msg=load 8 groups bot=internal
time=2022-11-14T12:07:35+08:00 level=info msg=12 GroupCode=177056275 MessageID=44341 MessageIID=1952445995 SenderID=549700459 from=GroupMessage module=internal.logging
time=2022-11-14T12:17:16+08:00 level=info msg=initializing modules ... bot=internal
time=2022-11-14T12:17:16+08:00 level=info msg=all modules initialized bot=internal
time=2022-11-14T12:17:16+08:00 level=info msg=registering modules serve functions ... bot=internal
time=2022-11-14T12:17:16+08:00 level=info msg=all modules serve functions registered bot=internal
time=2022-11-14T12:17:16+08:00 level=info msg=starting modules tasks ... bot=internal
time=2022-11-14T12:17:16+08:00 level=info msg=tasks running bot=internal
time=2022-11-14T12:17:16+08:00 level=info msg=检测到会话缓存, 尝试快速恢复登录 bot=internal
time=2022-11-14T12:17:16+08:00 level=info msg=检测到会话缓存, 尝试快速恢复登录 bot=internal
time=2022-11-14T12:17:18+08:00 level=info msg=快速恢复登录成功 bot=internal
time=2022-11-14T12:17:18+08:00 level=info msg=start reload friends list bot=internal
time=2022-11-14T12:17:18+08:00 level=info msg=load 38 friends bot=internal
time=2022-11-14T12:17:18+08:00 level=info msg=start reload groups list bot=internal
time=2022-11-14T12:17:19+08:00 level=info msg=load 8 groups bot=internal
time=2022-11-14T12:17:59+08:00 level=info msg=1 GroupCode=177056275 MessageID=44343 MessageIID=723433564 SenderID=549700459 from=GroupMessage module=internal.logging
time=2022-11-14T12:18:07+08:00 level=info msg=[Image: {4A02CE3F-033D-7803-BF49-8334753BDB63}.jpg] GroupCode=177056275 MessageID=44345 MessageIID=1644057120 SenderID=549700459 from=GroupMessage module=internal.logging
time=2022-11-14T12:18:27+08:00 level=info msg=[Image: 385579486CEB28544D4DC0B49F80D869.jpg] GroupCode=177056275 MessageID=44347 MessageIID=738858633 SenderID=549700459 from=GroupMessage module=internal.logging
time=2022-11-14T13:10:59+08:00 level=warning msg=bot disconnected from=Disconnected module=internal.logging reason=connection dropped by server.
time=2022-11-14T13:35:25+08:00 level=info msg=initializing modules ... bot=internal
time=2022-11-14T13:35:25+08:00 level=info msg=all modules initialized bot=internal
time=2022-11-14T13:35:25+08:00 level=info msg=registering modules serve functions ... bot=internal
time=2022-11-14T13:35:25+08:00 level=info msg=all modules serve functions registered bot=internal
time=2022-11-14T13:35:25+08:00 level=info msg=starting modules tasks ... bot=internal
time=2022-11-14T13:35:25+08:00 level=info msg=tasks running bot=internal
time=2022-11-14T13:35:25+08:00 level=info msg=检测到会话缓存, 尝试快速恢复登录 bot=internal
time=2022-11-14T13:35:25+08:00 level=info msg=检测到会话缓存, 尝试快速恢复登录 bot=internal
time=2022-11-14T13:35:27+08:00 level=info msg=快速恢复登录成功 bot=internal
time=2022-11-14T13:35:27+08:00 level=info msg=start reload friends list bot=internal
time=2022-11-14T13:35:27+08:00 level=info msg=load 38 friends bot=internal
time=2022-11-14T13:35:27+08:00 level=info msg=start reload groups list bot=internal
time=2022-11-14T13:35:28+08:00 level=info msg=load 8 groups bot=internal
time=2022-11-14T13:35:36+08:00 level=info msg=m\ GroupCode=177056275 MessageID=44349 MessageIID=-1624074249 SenderID=549700459 from=GroupMessage module=internal.logging
time=2022-11-14T13:36:43+08:00 level=info msg=initializing modules ... bot=internal
time=2022-11-14T13:36:43+08:00 level=info msg=all modules initialized bot=internal
time=2022-11-14T13:36:43+08:00 level=info msg=registering modules serve functions ... bot=internal
time=2022-11-14T13:36:43+08:00 level=info msg=all modules serve functions registered bot=internal
time=2022-11-14T13:36:43+08:00 level=info msg=starting modules tasks ... bot=internal
time=2022-11-14T13:36:43+08:00 level=info msg=tasks running bot=internal
time=2022-11-14T13:36:43+08:00 level=info msg=检测到会话缓存, 尝试快速恢复登录 bot=internal
time=2022-11-14T13:36:43+08:00 level=info msg=检测到会话缓存, 尝试快速恢复登录 bot=internal
time=2022-11-14T13:36:44+08:00 level=info msg=1 GroupCode=177056275 MessageID=44351 MessageIID=-4505024 SenderID=549700459 from=GroupMessage module=internal.logging
time=2022-11-14T13:36:45+08:00 level=info msg=快速恢复登录成功 bot=internal
time=2022-11-14T13:36:45+08:00 level=info msg=start reload friends list bot=internal
time=2022-11-14T13:36:45+08:00 level=info msg=load 38 friends bot=internal
time=2022-11-14T13:36:45+08:00 level=info msg=start reload groups list bot=internal
time=2022-11-14T13:36:45+08:00 level=info msg=load 8 groups bot=internal
time=2022-11-14T13:36:49+08:00 level=info msg=1 GroupCode=177056275 MessageID=44352 MessageIID=-1063824569 SenderID=549700459 from=GroupMessage module=internal.logging
time=2022-11-14T13:36:57+08:00 level=info msg=1 GroupCode=177056275 MessageID=44353 MessageIID=1101190748 SenderID=549700459 from=GroupMessage module=internal.logging
time=2022-11-14T13:37:33+08:00 level=info msg=initializing modules ... bot=internal
time=2022-11-14T13:37:33+08:00 level=info msg=all modules initialized bot=internal
time=2022-11-14T13:37:33+08:00 level=info msg=registering modules serve functions ... bot=internal
time=2022-11-14T13:37:33+08:00 level=info msg=all modules serve functions registered bot=internal
time=2022-11-14T13:37:33+08:00 level=info msg=starting modules tasks ... bot=internal
time=2022-11-14T13:37:33+08:00 level=info msg=tasks running bot=internal
time=2022-11-14T13:37:33+08:00 level=info msg=检测到会话缓存, 尝试快速恢复登录 bot=internal
time=2022-11-14T13:37:33+08:00 level=info msg=检测到会话缓存, 尝试快速恢复登录 bot=internal
time=2022-11-14T13:37:35+08:00 level=info msg=快速恢复登录成功 bot=internal
time=2022-11-14T13:37:35+08:00 level=info msg=start reload friends list bot=internal
time=2022-11-14T13:37:35+08:00 level=info msg=load 38 friends bot=internal
time=2022-11-14T13:37:35+08:00 level=info msg=start reload groups list bot=internal
time=2022-11-14T13:37:36+08:00 level=info msg=load 8 groups bot=internal
time=2022-11-14T13:37:39+08:00 level=info msg=1 GroupCode=177056275 MessageID=44354 MessageIID=399272523 SenderID=549700459 from=GroupMessage module=internal.logging
time=2022-11-14T13:37:43+08:00 level=info msg=1 GroupCode=177056275 MessageID=44356 MessageIID=-956246141 SenderID=549700459 from=GroupMessage module=internal.logging
time=2022-11-14T13:38:22+08:00 level=info msg=initializing modules ... bot=internal
time=2022-11-14T13:38:22+08:00 level=info msg=all modules initialized bot=internal
time=2022-11-14T13:38:22+08:00 level=info msg=registering modules serve functions ... bot=internal
time=2022-11-14T13:38:22+08:00 level=info msg=all modules serve functions registered bot=internal
time=2022-11-14T13:38:22+08:00 level=info msg=starting modules tasks ... bot=internal
time=2022-11-14T13:38:22+08:00 level=info msg=tasks running bot=internal
time=2022-11-14T13:38:22+08:00 level=info msg=检测到会话缓存, 尝试快速恢复登录 bot=internal
time=2022-11-14T13:38:22+08:00 level=info msg=检测到会话缓存, 尝试快速恢复登录 bot=internal
time=2022-11-14T13:38:24+08:00 level=info msg=1 GroupCode=177056275 MessageID=44360 MessageIID=1758216504 SenderID=549700459 from=GroupMessage module=internal.logging
time=2022-11-14T13:38:24+08:00 level=info msg=快速恢复登录成功 bot=internal
time=2022-11-14T13:38:24+08:00 level=info msg=start reload friends list bot=internal
time=2022-11-14T13:38:24+08:00 level=info msg=load 38 friends bot=internal
time=2022-11-14T13:38:24+08:00 level=info msg=start reload groups list bot=internal
time=2022-11-14T13:38:25+08:00 level=info msg=load 8 groups bot=internal
time=2022-11-14T13:38:27+08:00 level=info msg=1 GroupCode=177056275 MessageID=44361 MessageIID=1926553202 SenderID=549700459 from=GroupMessage module=internal.logging
time=2022-11-14T13:39:12+08:00 level=info msg=1 GroupCode=177056275 MessageID=44363 MessageIID=1239490285 SenderID=549700459 from=GroupMessage module=internal.logging
time=2022-11-14T13:49:55+08:00 level=info msg=initializing modules ... bot=internal
time=2022-11-14T13:49:55+08:00 level=info msg=all modules initialized bot=internal
time=2022-11-14T13:49:55+08:00 level=info msg=registering modules serve functions ... bot=internal
time=2022-11-14T13:49:55+08:00 level=info msg=all modules serve functions registered bot=internal
time=2022-11-14T13:49:55+08:00 level=info msg=starting modules tasks ... bot=internal
time=2022-11-14T13:49:55+08:00 level=info msg=tasks running bot=internal
time=2022-11-14T13:49:55+08:00 level=info msg=检测到会话缓存, 尝试快速恢复登录 bot=internal
time=2022-11-14T13:49:55+08:00 level=info msg=检测到会话缓存, 尝试快速恢复登录 bot=internal
time=2022-11-14T13:49:57+08:00 level=info msg=快速恢复登录成功 bot=internal
time=2022-11-14T13:49:57+08:00 level=info msg=start reload friends list bot=internal
time=2022-11-14T13:49:57+08:00 level=info msg=load 38 friends bot=internal
time=2022-11-14T13:49:57+08:00 level=info msg=start reload groups list bot=internal
time=2022-11-14T13:49:58+08:00 level=info msg=load 8 groups bot=internal
time=2022-11-14T13:50:01+08:00 level=info msg=1 GroupCode=177056275 MessageID=44365 MessageIID=1280116023 SenderID=549700459 from=GroupMessage module=internal.logging
time=2022-11-14T13:52:39+08:00 level=info msg=initializing modules ... bot=internal
time=2022-11-14T13:52:39+08:00 level=info msg=all modules initialized bot=internal
time=2022-11-14T13:52:39+08:00 level=info msg=registering modules serve functions ... bot=internal
time=2022-11-14T13:52:39+08:00 level=info msg=all modules serve functions registered bot=internal
time=2022-11-14T13:52:39+08:00 level=info msg=starting modules tasks ... bot=internal
time=2022-11-14T13:52:39+08:00 level=info msg=tasks running bot=internal
time=2022-11-14T13:52:39+08:00 level=info msg=检测到会话缓存, 尝试快速恢复登录 bot=internal
time=2022-11-14T13:52:39+08:00 level=info msg=检测到会话缓存, 尝试快速恢复登录 bot=internal
time=2022-11-14T13:52:41+08:00 level=info msg=快速恢复登录成功 bot=internal
time=2022-11-14T13:52:41+08:00 level=info msg=start reload friends list bot=internal
time=2022-11-14T13:52:41+08:00 level=info msg=load 38 friends bot=internal
time=2022-11-14T13:52:41+08:00 level=info msg=start reload groups list bot=internal
time=2022-11-14T13:52:41+08:00 level=info msg=1 GroupCode=177056275 MessageID=44368 MessageIID=-1249340839 SenderID=549700459 from=GroupMessage module=internal.logging
time=2022-11-14T13:52:41+08:00 level=info msg=load 8 groups bot=internal
time=2022-11-14T13:52:48+08:00 level=info msg=1 GroupCode=177056275 MessageID=44369 MessageIID=-189710842 SenderID=549700459 from=GroupMessage module=internal.logging
time=2022-11-14T14:22:26+08:00 level=info msg=initializing modules ... bot=internal
time=2022-11-14T14:22:26+08:00 level=info msg=all modules initialized bot=internal
time=2022-11-14T14:22:26+08:00 level=info msg=registering modules serve functions ... bot=internal
time=2022-11-14T14:22:26+08:00 level=info msg=all modules serve functions registered bot=internal
time=2022-11-14T14:22:26+08:00 level=info msg=starting modules tasks ... bot=internal
time=2022-11-14T14:22:26+08:00 level=info msg=tasks running bot=internal
time=2022-11-14T14:22:26+08:00 level=info msg=检测到会话缓存, 尝试快速恢复登录 bot=internal
time=2022-11-14T14:22:26+08:00 level=info msg=检测到会话缓存, 尝试快速恢复登录 bot=internal
time=2022-11-14T14:22:28+08:00 level=info msg=快速恢复登录成功 bot=internal
time=2022-11-14T14:22:28+08:00 level=info msg=start reload friends list bot=internal
time=2022-11-14T14:22:28+08:00 level=info msg=load 38 friends bot=internal
time=2022-11-14T14:22:28+08:00 level=info msg=start reload groups list bot=internal
time=2022-11-14T14:22:29+08:00 level=info msg=load 8 groups bot=internal
time=2022-11-14T14:22:30+08:00 level=info msg=img GroupCode=177056275 MessageID=44371 MessageIID=1139574193 SenderID=549700459 from=GroupMessage module=internal.logging
time=2022-11-14T14:22:33+08:00 level=info msg=img GroupCode=177056275 MessageID=44373 MessageIID=426013332 SenderID=549700459 from=GroupMessage module=internal.logging
time=2022-11-14T14:23:40+08:00 level=info msg=initializing modules ... bot=internal
time=2022-11-14T14:23:40+08:00 level=info msg=all modules initialized bot=internal
time=2022-11-14T14:23:40+08:00 level=info msg=registering modules serve functions ... bot=internal
time=2022-11-14T14:23:40+08:00 level=info msg=all modules serve functions registered bot=internal
time=2022-11-14T14:23:40+08:00 level=info msg=starting modules tasks ... bot=internal
time=2022-11-14T14:23:40+08:00 level=info msg=tasks running bot=internal
time=2022-11-14T14:23:40+08:00 level=info msg=检测到会话缓存, 尝试快速恢复登录 bot=internal
time=2022-11-14T14:23:40+08:00 level=info msg=检测到会话缓存, 尝试快速恢复登录 bot=internal
time=2022-11-14T14:23:43+08:00 level=info msg=快速恢复登录成功 bot=internal
time=2022-11-14T14:23:43+08:00 level=info msg=start reload friends list bot=internal
time=2022-11-14T14:23:43+08:00 level=info msg=load 38 friends bot=internal
time=2022-11-14T14:23:43+08:00 level=info msg=start reload groups list bot=internal
time=2022-11-14T14:23:43+08:00 level=info msg=load 8 groups bot=internal
time=2022-11-14T14:23:45+08:00 level=info msg=1 GroupCode=177056275 MessageID=44375 MessageIID=-1155309188 SenderID=549700459 from=GroupMessage module=internal.logging
time=2022-11-14T14:23:47+08:00 level=info msg=1 GroupCode=177056275 MessageID=44377 MessageIID=32332530 SenderID=549700459 from=GroupMessage module=internal.logging
time=2022-11-14T14:23:48+08:00 level=info msg=1 GroupCode=177056275 MessageID=44379 MessageIID=-1428274216 SenderID=549700459 from=GroupMessage module=internal.logging
time=2022-11-14T14:24:27+08:00 level=info msg=initializing modules ... bot=internal
time=2022-11-14T14:24:27+08:00 level=info msg=all modules initialized bot=internal
time=2022-11-14T14:24:27+08:00 level=info msg=registering modules serve functions ... bot=internal
time=2022-11-14T14:24:27+08:00 level=info msg=all modules serve functions registered bot=internal
time=2022-11-14T14:24:27+08:00 level=info msg=starting modules tasks ... bot=internal
time=2022-11-14T14:24:27+08:00 level=info msg=tasks running bot=internal
time=2022-11-14T14:24:27+08:00 level=info msg=检测到会话缓存, 尝试快速恢复登录 bot=internal
time=2022-11-14T14:24:27+08:00 level=info msg=检测到会话缓存, 尝试快速恢复登录 bot=internal
time=2022-11-14T14:24:28+08:00 level=info msg=1 GroupCode=177056275 MessageID=44382 MessageIID=-787184168 SenderID=549700459 from=GroupMessage module=internal.logging
time=2022-11-14T14:24:30+08:00 level=info msg=快速恢复登录成功 bot=internal
time=2022-11-14T14:24:30+08:00 level=info msg=start reload friends list bot=internal
time=2022-11-14T14:24:30+08:00 level=info msg=load 38 friends bot=internal
time=2022-11-14T14:24:30+08:00 level=info msg=start reload groups list bot=internal
time=2022-11-14T14:24:30+08:00 level=info msg=load 8 groups bot=internal
time=2022-11-14T14:24:30+08:00 level=info msg=1 GroupCode=177056275 MessageID=44383 MessageIID=621567383 SenderID=549700459 from=GroupMessage module=internal.logging
time=2022-11-14T14:24:32+08:00 level=info msg=1 GroupCode=177056275 MessageID=44385 MessageIID=-651356251 SenderID=549700459 from=GroupMessage module=internal.logging
time=2022-11-14T14:24:34+08:00 level=info msg=1 GroupCode=177056275 MessageID=44387 MessageIID=-1114392047 SenderID=549700459 from=GroupMessage module=internal.logging
time=2022-11-14T14:25:26+08:00 level=info msg=initializing modules ... bot=internal
time=2022-11-14T14:25:26+08:00 level=info msg=all modules initialized bot=internal
time=2022-11-14T14:25:26+08:00 level=info msg=registering modules serve functions ... bot=internal
time=2022-11-14T14:25:26+08:00 level=info msg=all modules serve functions registered bot=internal
time=2022-11-14T14:25:26+08:00 level=info msg=starting modules tasks ... bot=internal
time=2022-11-14T14:25:26+08:00 level=info msg=tasks running bot=internal
time=2022-11-14T14:25:26+08:00 level=info msg=检测到会话缓存, 尝试快速恢复登录 bot=internal
time=2022-11-14T14:25:26+08:00 level=info msg=检测到会话缓存, 尝试快速恢复登录 bot=internal
time=2022-11-14T14:25:28+08:00 level=info msg=快速恢复登录成功 bot=internal
time=2022-11-14T14:25:28+08:00 level=info msg=start reload friends list bot=internal
time=2022-11-14T14:25:28+08:00 level=info msg=load 38 friends bot=internal
time=2022-11-14T14:25:28+08:00 level=info msg=start reload groups list bot=internal
time=2022-11-14T14:25:29+08:00 level=info msg=load 8 groups bot=internal
time=2022-11-14T14:25:30+08:00 level=info msg=1 GroupCode=177056275 MessageID=44390 MessageIID=-2076411223 SenderID=549700459 from=GroupMessage module=internal.logging
time=2022-11-14T14:30:14+08:00 level=info msg=initializing modules ... bot=internal
time=2022-11-14T14:30:14+08:00 level=info msg=all modules initialized bot=internal
time=2022-11-14T14:30:14+08:00 level=info msg=registering modules serve functions ... bot=internal
time=2022-11-14T14:30:14+08:00 level=info msg=all modules serve functions registered bot=internal
time=2022-11-14T14:30:14+08:00 level=info msg=starting modules tasks ... bot=internal
time=2022-11-14T14:30:14+08:00 level=info msg=tasks running bot=internal
time=2022-11-14T14:30:14+08:00 level=info msg=检测到会话缓存, 尝试快速恢复登录 bot=internal
time=2022-11-14T14:30:14+08:00 level=info msg=检测到会话缓存, 尝试快速恢复登录 bot=internal
time=2022-11-14T14:30:16+08:00 level=info msg=快速恢复登录成功 bot=internal
time=2022-11-14T14:30:16+08:00 level=info msg=start reload friends list bot=internal
time=2022-11-14T14:30:17+08:00 level=info msg=load 38 friends bot=internal
time=2022-11-14T14:30:17+08:00 level=info msg=start reload groups list bot=internal
time=2022-11-14T14:30:17+08:00 level=info msg=load 8 groups bot=internal
time=2022-11-14T14:30:18+08:00 level=info msg=1 GroupCode=177056275 MessageID=44392 MessageIID=-1110245015 SenderID=549700459 from=GroupMessage module=internal.logging
time=2022-11-14T14:32:23+08:00 level=info msg=initializing modules ... bot=internal
time=2022-11-14T14:32:23+08:00 level=info msg=all modules initialized bot=internal
time=2022-11-14T14:32:23+08:00 level=info msg=registering modules serve functions ... bot=internal
time=2022-11-14T14:32:23+08:00 level=info msg=all modules serve functions registered bot=internal
time=2022-11-14T14:32:23+08:00 level=info msg=starting modules tasks ... bot=internal
time=2022-11-14T14:32:23+08:00 level=info msg=tasks running bot=internal
time=2022-11-14T14:32:23+08:00 level=info msg=检测到会话缓存, 尝试快速恢复登录 bot=internal
time=2022-11-14T14:32:23+08:00 level=info msg=检测到会话缓存, 尝试快速恢复登录 bot=internal
time=2022-11-14T14:32:25+08:00 level=info msg=快速恢复登录成功 bot=internal
time=2022-11-14T14:32:25+08:00 level=info msg=start reload friends list bot=internal
time=2022-11-14T14:32:25+08:00 level=info msg=load 38 friends bot=internal
time=2022-11-14T14:32:25+08:00 level=info msg=start reload groups list bot=internal
time=2022-11-14T14:32:25+08:00 level=info msg=load 8 groups bot=internal
time=2022-11-14T14:32:29+08:00 level=info msg=1 GroupCode=177056275 MessageID=44394 MessageIID=-109823382 SenderID=549700459 from=GroupMessage module=internal.logging
time=2022-11-14T14:32:31+08:00 level=info msg=1 GroupCode=177056275 MessageID=44396 MessageIID=1482469689 SenderID=549700459 from=GroupMessage module=internal.logging
time=2022-11-14T16:24:04+08:00 level=info msg=initializing modules ... bot=internal
time=2022-11-14T16:24:04+08:00 level=info msg=all modules initialized bot=internal
time=2022-11-14T16:24:04+08:00 level=info msg=registering modules serve functions ... bot=internal
time=2022-11-14T16:24:04+08:00 level=info msg=all modules serve functions registered bot=internal
time=2022-11-14T16:24:04+08:00 level=info msg=starting modules tasks ... bot=internal
time=2022-11-14T16:24:04+08:00 level=info msg=tasks running bot=internal
time=2022-11-14T16:24:04+08:00 level=info msg=检测到会话缓存, 尝试快速恢复登录 bot=internal
time=2022-11-14T16:24:04+08:00 level=info msg=检测到会话缓存, 尝试快速恢复登录 bot=internal
time=2022-11-14T16:24:07+08:00 level=info msg=快速恢复登录成功 bot=internal
time=2022-11-14T16:24:07+08:00 level=info msg=start reload friends list bot=internal
time=2022-11-14T16:24:07+08:00 level=info msg=load 38 friends bot=internal
time=2022-11-14T16:24:07+08:00 level=info msg=start reload groups list bot=internal
time=2022-11-14T16:24:07+08:00 level=info msg=load 8 groups bot=internal
time=2022-11-14T16:24:15+08:00 level=info msg=1 GroupCode=177056275 MessageID=44398 MessageIID=1202209556 SenderID=549700459 from=GroupMessage module=internal.logging
time=2022-11-14T16:24:21+08:00 level=info msg=1 GroupCode=177056275 MessageID=44399 MessageIID=186506176 SenderID=549700459 from=GroupMessage module=internal.logging
time=2022-11-14T16:24:24+08:00 level=info msg=1 GroupCode=177056275 MessageID=44400 MessageIID=750538615 SenderID=549700459 from=GroupMessage module=internal.logging
time=2022-11-14T16:35:45+08:00 level=info msg=initializing modules ... bot=internal
time=2022-11-14T16:35:45+08:00 level=info msg=all modules initialized bot=internal
time=2022-11-14T16:35:45+08:00 level=info msg=registering modules serve functions ... bot=internal
time=2022-11-14T16:35:45+08:00 level=info msg=all modules serve functions registered bot=internal
time=2022-11-14T16:35:45+08:00 level=info msg=starting modules tasks ... bot=internal
time=2022-11-14T16:35:45+08:00 level=info msg=tasks running bot=internal
time=2022-11-14T16:35:45+08:00 level=info msg=检测到会话缓存, 尝试快速恢复登录 bot=internal
time=2022-11-14T16:35:45+08:00 level=info msg=检测到会话缓存, 尝试快速恢复登录 bot=internal
time=2022-11-14T16:35:47+08:00 level=info msg=快速恢复登录成功 bot=internal
time=2022-11-14T16:35:47+08:00 level=info msg=start reload friends list bot=internal
time=2022-11-14T16:35:47+08:00 level=info msg=load 38 friends bot=internal
time=2022-11-14T16:35:47+08:00 level=info msg=start reload groups list bot=internal
time=2022-11-14T16:35:47+08:00 level=info msg=load 8 groups bot=internal
time=2022-11-14T16:35:47+08:00 level=info msg=1 GroupCode=177056275 MessageID=44401 MessageIID=991700773 SenderID=549700459 from=GroupMessage module=internal.logging
time=2022-11-14T16:35:55+08:00 level=info msg=1 GroupCode=177056275 MessageID=44402 MessageIID=1300103448 SenderID=549700459 from=GroupMessage module=internal.logging
time=2022-11-14T16:40:39+08:00 level=info msg=. GroupCode=177056275 MessageID=44403 MessageIID=-104723500 SenderID=549700459 from=GroupMessage module=internal.logging
time=2022-11-14T16:42:03+08:00 level=info msg=initializing modules ... bot=internal
time=2022-11-14T16:42:03+08:00 level=info msg=all modules initialized bot=internal
time=2022-11-14T16:42:03+08:00 level=info msg=registering modules serve functions ... bot=internal
time=2022-11-14T16:42:03+08:00 level=info msg=all modules serve functions registered bot=internal
time=2022-11-14T16:42:03+08:00 level=info msg=starting modules tasks ... bot=internal
time=2022-11-14T16:42:03+08:00 level=info msg=tasks running bot=internal
time=2022-11-14T16:42:03+08:00 level=info msg=检测到会话缓存, 尝试快速恢复登录 bot=internal
time=2022-11-14T16:42:03+08:00 level=info msg=检测到会话缓存, 尝试快速恢复登录 bot=internal
time=2022-11-14T16:42:05+08:00 level=info msg=快速恢复登录成功 bot=internal
time=2022-11-14T16:42:05+08:00 level=info msg=start reload friends list bot=internal
time=2022-11-14T16:42:05+08:00 level=info msg=load 38 friends bot=internal
time=2022-11-14T16:42:05+08:00 level=info msg=start reload groups list bot=internal
time=2022-11-14T16:42:06+08:00 level=info msg=load 8 groups bot=internal
time=2022-11-14T16:42:08+08:00 level=info msg=1 GroupCode=177056275 MessageID=44404 MessageIID=1057047712 SenderID=549700459 from=GroupMessage module=internal.logging
time=2022-11-14T16:42:26+08:00 level=info msg=. GroupCode=177056275 MessageID=44405 MessageIID=-1470339550 SenderID=549700459 from=GroupMessage module=internal.logging
time=2022-11-14T16:44:37+08:00 level=info msg=initializing modules ... bot=internal
time=2022-11-14T16:44:37+08:00 level=info msg=all modules initialized bot=internal
time=2022-11-14T16:44:37+08:00 level=info msg=registering modules serve functions ... bot=internal
time=2022-11-14T16:44:37+08:00 level=info msg=all modules serve functions registered bot=internal
time=2022-11-14T16:44:37+08:00 level=info msg=starting modules tasks ... bot=internal
time=2022-11-14T16:44:37+08:00 level=info msg=tasks running bot=internal
time=2022-11-14T16:44:37+08:00 level=info msg=检测到会话缓存, 尝试快速恢复登录 bot=internal
time=2022-11-14T16:44:37+08:00 level=info msg=检测到会话缓存, 尝试快速恢复登录 bot=internal
time=2022-11-14T16:44:40+08:00 level=info msg=快速恢复登录成功 bot=internal
time=2022-11-14T16:44:40+08:00 level=info msg=start reload friends list bot=internal
time=2022-11-14T16:44:40+08:00 level=info msg=load 38 friends bot=internal
time=2022-11-14T16:44:40+08:00 level=info msg=start reload groups list bot=internal
time=2022-11-14T16:44:40+08:00 level=info msg=load 8 groups bot=internal
time=2022-11-14T16:44:42+08:00 level=info msg=1 GroupCode=177056275 MessageID=44406 MessageIID=-1728451961 SenderID=549700459 from=GroupMessage module=internal.logging
time=2022-11-14T16:50:17+08:00 level=info msg=initializing modules ... bot=internal
time=2022-11-14T16:50:17+08:00 level=info msg=all modules initialized bot=internal
time=2022-11-14T16:50:17+08:00 level=info msg=registering modules serve functions ... bot=internal
time=2022-11-14T16:50:17+08:00 level=info msg=all modules serve functions registered bot=internal
time=2022-11-14T16:50:17+08:00 level=info msg=starting modules tasks ... bot=internal
time=2022-11-14T16:50:17+08:00 level=info msg=tasks running bot=internal
time=2022-11-14T16:50:17+08:00 level=info msg=检测到会话缓存, 尝试快速恢复登录 bot=internal
time=2022-11-14T16:50:17+08:00 level=info msg=检测到会话缓存, 尝试快速恢复登录 bot=internal
time=2022-11-14T16:50:19+08:00 level=info msg=快速恢复登录成功 bot=internal
time=2022-11-14T16:50:19+08:00 level=info msg=start reload friends list bot=internal
time=2022-11-14T16:50:19+08:00 level=info msg=load 38 friends bot=internal
time=2022-11-14T16:50:19+08:00 level=info msg=start reload groups list bot=internal
time=2022-11-14T16:50:19+08:00 level=info msg=load 8 groups bot=internal
time=2022-11-14T16:50:21+08:00 level=info msg=. GroupCode=177056275 MessageID=44407 MessageIID=884672840 SenderID=549700459 from=GroupMessage module=internal.logging
time=2022-11-14T16:50:22+08:00 level=info msg=. GroupCode=177056275 MessageID=44408 MessageIID=-850576710 SenderID=549700459 from=GroupMessage module=internal.logging
time=2022-11-14T16:50:23+08:00 level=info msg=. GroupCode=177056275 MessageID=44409 MessageIID=317747332 SenderID=549700459 from=GroupMessage module=internal.logging
time=2022-11-14T16:52:11+08:00 level=info msg=initializing modules ... bot=internal
time=2022-11-14T16:52:11+08:00 level=info msg=all modules initialized bot=internal
time=2022-11-14T16:52:11+08:00 level=info msg=registering modules serve functions ... bot=internal
time=2022-11-14T16:52:11+08:00 level=info msg=all modules serve functions registered bot=internal
time=2022-11-14T16:52:11+08:00 level=info msg=starting modules tasks ... bot=internal
time=2022-11-14T16:52:11+08:00 level=info msg=tasks running bot=internal
time=2022-11-14T16:52:11+08:00 level=info msg=检测到会话缓存, 尝试快速恢复登录 bot=internal
time=2022-11-14T16:52:11+08:00 level=info msg=检测到会话缓存, 尝试快速恢复登录 bot=internal
time=2022-11-14T16:52:14+08:00 level=info msg=快速恢复登录成功 bot=internal
time=2022-11-14T16:52:14+08:00 level=info msg=start reload friends list bot=internal
time=2022-11-14T16:52:14+08:00 level=info msg=load 38 friends bot=internal
time=2022-11-14T16:52:14+08:00 level=info msg=start reload groups list bot=internal
time=2022-11-14T16:52:14+08:00 level=info msg=load 8 groups bot=internal
time=2022-11-14T16:52:16+08:00 level=info msg=. GroupCode=177056275 MessageID=44410 MessageIID=-1770306208 SenderID=549700459 from=GroupMessage module=internal.logging
time=2022-11-14T17:17:05+08:00 level=info msg=initializing modules ... bot=internal
time=2022-11-14T17:17:05+08:00 level=info msg=all modules initialized bot=internal
time=2022-11-14T17:17:05+08:00 level=info msg=registering modules serve functions ... bot=internal
time=2022-11-14T17:17:05+08:00 level=info msg=all modules serve functions registered bot=internal
time=2022-11-14T17:17:05+08:00 level=info msg=starting modules tasks ... bot=internal
time=2022-11-14T17:17:05+08:00 level=info msg=tasks running bot=internal
time=2022-11-14T17:17:05+08:00 level=info msg=检测到会话缓存, 尝试快速恢复登录 bot=internal
time=2022-11-14T17:17:05+08:00 level=info msg=检测到会话缓存, 尝试快速恢复登录 bot=internal
time=2022-11-14T17:17:06+08:00 level=warning msg=bot disconnected from=Disconnected module=internal.logging reason=你的QQ号于16:58在【mirai】设备登录，当前设备已下线。如果这不是你本人操作，那么你的QQ密码可能已经泄露，请尽快重新登录并修改密码。
time=2022-11-14T17:17:07+08:00 level=warning msg=failed restore session by token, fallback to common or qrcode bot=internal error=恢复会话失败(token failed)
time=2022-11-14T17:17:07+08:00 level=info msg=start reload friends list bot=internal
time=2022-11-14T17:17:07+08:00 level=error msg=unable to load friends list bot=internal error=Packet failed to sendPacket: connection closed
time=2022-11-14T17:17:07+08:00 level=info msg=load 0 friends bot=internal
time=2022-11-14T17:17:07+08:00 level=info msg=start reload groups list bot=internal
time=2022-11-14T17:17:07+08:00 level=error msg=unable to load groups list bot=internal error=Packet failed to sendPacket: connection closed
time=2022-11-14T17:17:07+08:00 level=info msg=load 0 groups bot=internal
time=2022-11-14T17:17:44+08:00 level=info msg=initializing modules ... bot=internal
time=2022-11-14T17:17:44+08:00 level=info msg=all modules initialized bot=internal
time=2022-11-14T17:17:44+08:00 level=info msg=registering modules serve functions ... bot=internal
time=2022-11-14T17:17:44+08:00 level=info msg=all modules serve functions registered bot=internal
time=2022-11-14T17:17:44+08:00 level=info msg=starting modules tasks ... bot=internal
time=2022-11-14T17:17:44+08:00 level=info msg=tasks running bot=internal
time=2022-11-14T17:17:44+08:00 level=info msg=检测到会话缓存, 尝试快速恢复登录 bot=internal
time=2022-11-14T17:17:44+08:00 level=info msg=检测到会话缓存, 尝试快速恢复登录 bot=internal
time=2022-11-14T17:17:44+08:00 level=warning msg=bot disconnected from=Disconnected module=internal.logging reason=你的QQ号于16:58在【mirai】设备登录，当前设备已下线。如果这不是你本人操作，那么你的QQ密码可能已经泄露，请尽快重新登录并修改密码。
time=2022-11-14T17:17:45+08:00 level=warning msg=failed restore session by token, fallback to common or qrcode bot=internal error=恢复会话失败(token failed)
time=2022-11-14T17:17:45+08:00 level=info msg=start reload friends list bot=internal
time=2022-11-14T17:17:45+08:00 level=error msg=unable to load friends list bot=internal error=Packet failed to sendPacket: connection closed
time=2022-11-14T17:17:45+08:00 level=info msg=load 0 friends bot=internal
time=2022-11-14T17:17:45+08:00 level=info msg=start reload groups list bot=internal
time=2022-11-14T17:17:45+08:00 level=error msg=unable to load groups list bot=internal error=Packet failed to sendPacket: connection closed
time=2022-11-14T17:17:45+08:00 level=info msg=load 0 groups bot=internal
time=2022-11-14T17:17:59+08:00 level=info msg=initializing modules ... bot=internal
time=2022-11-14T17:17:59+08:00 level=info msg=all modules initialized bot=internal
time=2022-11-14T17:17:59+08:00 level=info msg=registering modules serve functions ... bot=internal
time=2022-11-14T17:17:59+08:00 level=info msg=all modules serve functions registered bot=internal
time=2022-11-14T17:17:59+08:00 level=info msg=starting modules tasks ... bot=internal
time=2022-11-14T17:17:59+08:00 level=info msg=tasks running bot=internal
time=2022-11-14T17:17:59+08:00 level=info msg=start reload friends list bot=internal
time=2022-11-14T17:17:59+08:00 level=error msg=unable to load friends list bot=internal error=Packet failed to sendPacket: connection closed
time=2022-11-14T17:17:59+08:00 level=info msg=load 0 friends bot=internal
time=2022-11-14T17:17:59+08:00 level=info msg=start reload groups list bot=internal
time=2022-11-14T17:17:59+08:00 level=error msg=unable to load groups list bot=internal error=Packet failed to sendPacket: connection closed
time=2022-11-14T17:17:59+08:00 level=info msg=load 0 groups bot=internal
time=2022-11-14T17:18:58+08:00 level=info msg=initializing modules ... bot=internal
time=2022-11-14T17:18:58+08:00 level=info msg=all modules initialized bot=internal
time=2022-11-14T17:18:58+08:00 level=info msg=registering modules serve functions ... bot=internal
time=2022-11-14T17:18:58+08:00 level=info msg=all modules serve functions registered bot=internal
time=2022-11-14T17:18:58+08:00 level=info msg=starting modules tasks ... bot=internal
time=2022-11-14T17:18:58+08:00 level=info msg=tasks running bot=internal
time=2022-11-14T17:18:58+08:00 level=info msg=请使用账号 489901651 登录手机QQ扫描二维码 (qrcode.png) :  bot=internal
time=2022-11-14T17:19:40+08:00 level=info msg=initializing modules ... bot=internal
time=2022-11-14T17:19:40+08:00 level=info msg=all modules initialized bot=internal
time=2022-11-14T17:19:40+08:00 level=info msg=registering modules serve functions ... bot=internal
time=2022-11-14T17:19:40+08:00 level=info msg=all modules serve functions registered bot=internal
time=2022-11-14T17:19:40+08:00 level=info msg=starting modules tasks ... bot=internal
time=2022-11-14T17:19:40+08:00 level=info msg=tasks running bot=internal
time=2022-11-14T17:19:40+08:00 level=warning msg=登录需要滑条验证码, 请使用手机QQ扫描二维码以继续登录. bot=internal
time=2022-11-14T17:19:40+08:00 level=info msg=请使用手机QQ扫描二维码 (qrcode.png) :  bot=internal
time=2022-11-14T17:20:04+08:00 level=info msg=扫码成功, 请在手机端确认登录. bot=internal
time=2022-11-14T17:20:13+08:00 level=info msg=start reload friends list bot=internal
time=2022-11-14T17:20:13+08:00 level=info msg=load 38 friends bot=internal
time=2022-11-14T17:20:13+08:00 level=info msg=start reload groups list bot=internal
time=2022-11-14T17:20:14+08:00 level=info msg=load 8 groups bot=internal
time=2022-11-14T17:21:15+08:00 level=info msg=initializing modules ... bot=internal
time=2022-11-14T17:21:15+08:00 level=info msg=all modules initialized bot=internal
time=2022-11-14T17:21:15+08:00 level=info msg=registering modules serve functions ... bot=internal
time=2022-11-14T17:21:15+08:00 level=info msg=all modules serve functions registered bot=internal
time=2022-11-14T17:21:15+08:00 level=info msg=starting modules tasks ... bot=internal
time=2022-11-14T17:21:15+08:00 level=info msg=tasks running bot=internal
time=2022-11-14T17:21:16+08:00 level=warning msg=登录需要滑条验证码, 请使用手机QQ扫描二维码以继续登录. bot=internal
time=2022-11-14T17:21:16+08:00 level=info msg=请使用手机QQ扫描二维码 (qrcode.png) :  bot=internal
time=2022-11-14T17:21:36+08:00 level=info msg=扫码成功, 请在手机端确认登录. bot=internal
time=2022-11-14T17:21:45+08:00 level=info msg=start reload friends list bot=internal
time=2022-11-14T17:21:45+08:00 level=info msg=load 38 friends bot=internal
time=2022-11-14T17:21:45+08:00 level=info msg=start reload groups list bot=internal
time=2022-11-14T17:21:45+08:00 level=info msg=load 8 groups bot=internal
time=2022-11-14T17:23:55+08:00 level=info msg=initializing modules ... bot=internal
time=2022-11-14T17:23:55+08:00 level=info msg=all modules initialized bot=internal
time=2022-11-14T17:23:55+08:00 level=info msg=registering modules serve functions ... bot=internal
time=2022-11-14T17:23:55+08:00 level=info msg=all modules serve functions registered bot=internal
time=2022-11-14T17:23:55+08:00 level=info msg=starting modules tasks ... bot=internal
time=2022-11-14T17:23:55+08:00 level=info msg=tasks running bot=internal
time=2022-11-14T17:23:56+08:00 level=warning msg=登录需要滑条验证码, 请使用手机QQ扫描二维码以继续登录. bot=internal
time=2022-11-14T17:23:56+08:00 level=info msg=请使用手机QQ扫描二维码 (qrcode.png) :  bot=internal
time=2022-11-14T17:24:08+08:00 level=info msg=扫码成功, 请在手机端确认登录. bot=internal
time=2022-11-14T17:24:17+08:00 level=info msg=start reload friends list bot=internal
time=2022-11-14T17:24:17+08:00 level=info msg=load 38 friends bot=internal
time=2022-11-14T17:24:17+08:00 level=info msg=start reload groups list bot=internal
time=2022-11-14T17:24:17+08:00 level=info msg=load 8 groups bot=internal
time=2022-11-14T17:51:31+08:00 level=info msg=initializing modules ... bot=internal
time=2022-11-14T17:51:31+08:00 level=info msg=all modules initialized bot=internal
time=2022-11-14T17:51:31+08:00 level=info msg=registering modules serve functions ... bot=internal
time=2022-11-14T17:51:31+08:00 level=info msg=all modules serve functions registered bot=internal
time=2022-11-14T17:51:31+08:00 level=info msg=starting modules tasks ... bot=internal
time=2022-11-14T17:51:31+08:00 level=info msg=tasks running bot=internal
time=2022-11-14T17:51:32+08:00 level=warning msg=登录需要滑条验证码, 请使用手机QQ扫描二维码以继续登录. bot=internal
time=2022-11-14T17:51:32+08:00 level=info msg=请使用手机QQ扫描二维码 (qrcode.png) :  bot=internal
time=2022-11-14T17:51:48+08:00 level=info msg=initializing modules ... bot=internal
time=2022-11-14T17:51:48+08:00 level=info msg=all modules initialized bot=internal
time=2022-11-14T17:51:48+08:00 level=info msg=registering modules serve functions ... bot=internal
time=2022-11-14T17:51:48+08:00 level=info msg=all modules serve functions registered bot=internal
time=2022-11-14T17:51:48+08:00 level=info msg=starting modules tasks ... bot=internal
time=2022-11-14T17:51:48+08:00 level=info msg=tasks running bot=internal
time=2022-11-14T17:51:48+08:00 level=warning msg=登录需要滑条验证码, 请使用手机QQ扫描二维码以继续登录. bot=internal
time=2022-11-14T17:51:49+08:00 level=info msg=请使用手机QQ扫描二维码 (qrcode.png) :  bot=internal
time=2022-11-14T17:52:21+08:00 level=info msg=扫码成功, 请在手机端确认登录. bot=internal
time=2022-11-14T17:52:28+08:00 level=info msg=start reload friends list bot=internal
time=2022-11-14T17:52:29+08:00 level=info msg=load 38 friends bot=internal
time=2022-11-14T17:52:29+08:00 level=info msg=start reload groups list bot=internal
time=2022-11-14T17:52:29+08:00 level=info msg=load 8 groups bot=internal
time=2022-11-14T17:54:29+08:00 level=info msg=initializing modules ... bot=internal
time=2022-11-14T17:54:29+08:00 level=info msg=all modules initialized bot=internal
time=2022-11-14T17:54:29+08:00 level=info msg=registering modules serve functions ... bot=internal
time=2022-11-14T17:54:29+08:00 level=info msg=all modules serve functions registered bot=internal
time=2022-11-14T17:54:29+08:00 level=info msg=starting modules tasks ... bot=internal
time=2022-11-14T17:54:29+08:00 level=info msg=tasks running bot=internal
time=2022-11-14T17:54:29+08:00 level=warning msg=登录需要滑条验证码, 请使用手机QQ扫描二维码以继续登录. bot=internal
time=2022-11-14T17:54:30+08:00 level=info msg=请使用手机QQ扫描二维码 (qrcode.png) :  bot=internal
time=2022-11-14T17:54:39+08:00 level=info msg=扫码成功, 请在手机端确认登录. bot=internal
time=2022-11-14T17:54:46+08:00 level=info msg=start reload friends list bot=internal
time=2022-11-14T17:54:46+08:00 level=info msg=load 38 friends bot=internal
time=2022-11-14T17:54:46+08:00 level=info msg=start reload groups list bot=internal
time=2022-11-14T17:54:47+08:00 level=info msg=load 8 groups bot=internal
time=2022-11-14T17:56:11+08:00 level=info msg=initializing modules ... bot=internal
time=2022-11-14T17:56:11+08:00 level=info msg=all modules initialized bot=internal
time=2022-11-14T17:56:11+08:00 level=info msg=registering modules serve functions ... bot=internal
time=2022-11-14T17:56:11+08:00 level=info msg=all modules serve functions registered bot=internal
time=2022-11-14T17:56:11+08:00 level=info msg=starting modules tasks ... bot=internal
time=2022-11-14T17:56:11+08:00 level=info msg=tasks running bot=internal
time=2022-11-14T17:56:11+08:00 level=warning msg=登录需要滑条验证码, 请使用手机QQ扫描二维码以继续登录. bot=internal
time=2022-11-14T17:56:11+08:00 level=info msg=请使用手机QQ扫描二维码 (qrcode.png) :  bot=internal
time=2022-11-14T17:56:21+08:00 level=info msg=initializing modules ... bot=internal
time=2022-11-14T17:56:21+08:00 level=info msg=all modules initialized bot=internal
time=2022-11-14T17:56:21+08:00 level=info msg=registering modules serve functions ... bot=internal
time=2022-11-14T17:56:21+08:00 level=info msg=all modules serve functions registered bot=internal
time=2022-11-14T17:56:21+08:00 level=info msg=starting modules tasks ... bot=internal
time=2022-11-14T17:56:21+08:00 level=info msg=tasks running bot=internal
time=2022-11-14T17:56:21+08:00 level=warning msg=登录需要滑条验证码, 请使用手机QQ扫描二维码以继续登录. bot=internal
time=2022-11-14T17:56:22+08:00 level=info msg=请使用手机QQ扫描二维码 (qrcode.png) :  bot=internal
time=2022-11-14T17:56:32+08:00 level=info msg=扫码成功, 请在手机端确认登录. bot=internal
time=2022-11-14T17:56:39+08:00 level=info msg=start reload friends list bot=internal
time=2022-11-14T17:56:39+08:00 level=info msg=load 38 friends bot=internal
time=2022-11-14T17:56:39+08:00 level=info msg=start reload groups list bot=internal
time=2022-11-14T17:56:40+08:00 level=info msg=load 8 groups bot=internal
time=2022-11-14T17:58:23+08:00 level=info msg=initializing modules ... bot=internal
time=2022-11-14T17:58:23+08:00 level=info msg=all modules initialized bot=internal
time=2022-11-14T17:58:23+08:00 level=info msg=registering modules serve functions ... bot=internal
time=2022-11-14T17:58:23+08:00 level=info msg=all modules serve functions registered bot=internal
time=2022-11-14T17:58:23+08:00 level=info msg=starting modules tasks ... bot=internal
time=2022-11-14T17:58:23+08:00 level=info msg=tasks running bot=internal
time=2022-11-14T17:58:23+08:00 level=warning msg=登录需要滑条验证码, 请使用手机QQ扫描二维码以继续登录. bot=internal
time=2022-11-14T17:58:24+08:00 level=info msg=请使用手机QQ扫描二维码 (qrcode.png) :  bot=internal
time=2022-11-14T17:58:37+08:00 level=info msg=扫码成功, 请在手机端确认登录. bot=internal
time=2022-11-14T17:58:44+08:00 level=info msg=start reload friends list bot=internal
time=2022-11-14T17:58:44+08:00 level=info msg=load 38 friends bot=internal
time=2022-11-14T17:58:44+08:00 level=info msg=start reload groups list bot=internal
time=2022-11-14T17:58:45+08:00 level=info msg=load 8 groups bot=internal
time=2022-11-14T18:01:34+08:00 level=info msg=initializing modules ... bot=internal
time=2022-11-14T18:01:34+08:00 level=info msg=all modules initialized bot=internal
time=2022-11-14T18:01:34+08:00 level=info msg=registering modules serve functions ... bot=internal
time=2022-11-14T18:01:34+08:00 level=info msg=all modules serve functions registered bot=internal
time=2022-11-14T18:01:34+08:00 level=info msg=starting modules tasks ... bot=internal
time=2022-11-14T18:01:34+08:00 level=info msg=tasks running bot=internal
time=2022-11-14T18:01:34+08:00 level=warning msg=登录需要滑条验证码, 请使用手机QQ扫描二维码以继续登录. bot=internal
time=2022-11-14T18:01:35+08:00 level=info msg=请使用手机QQ扫描二维码 (qrcode.png) :  bot=internal
time=2022-11-14T18:01:44+08:00 level=info msg=扫码成功, 请在手机端确认登录. bot=internal
time=2022-11-14T18:01:52+08:00 level=info msg=start reload friends list bot=internal
time=2022-11-14T18:01:52+08:00 level=info msg=load 38 friends bot=internal
time=2022-11-14T18:01:52+08:00 level=info msg=start reload groups list bot=internal
time=2022-11-14T18:01:53+08:00 level=info msg=load 8 groups bot=internal
time=2022-11-14T18:29:21+08:00 level=info msg=initializing modules ... bot=internal
time=2022-11-14T18:29:21+08:00 level=info msg=all modules initialized bot=internal
time=2022-11-14T18:29:21+08:00 level=info msg=registering modules serve functions ... bot=internal
time=2022-11-14T18:29:21+08:00 level=info msg=all modules serve functions registered bot=internal
time=2022-11-14T18:29:21+08:00 level=info msg=starting modules tasks ... bot=internal
time=2022-11-14T18:29:21+08:00 level=info msg=tasks running bot=internal
time=2022-11-14T18:29:21+08:00 level=warning msg=登录需要滑条验证码, 请使用手机QQ扫描二维码以继续登录. bot=internal
time=2022-11-14T18:29:21+08:00 level=info msg=请使用手机QQ扫描二维码 (qrcode.png) :  bot=internal
time=2022-11-14T18:29:34+08:00 level=info msg=扫码成功, 请在手机端确认登录. bot=internal
time=2022-11-14T18:29:44+08:00 level=info msg=start reload friends list bot=internal
time=2022-11-14T18:29:44+08:00 level=info msg=load 38 friends bot=internal
time=2022-11-14T18:29:44+08:00 level=info msg=start reload groups list bot=internal
time=2022-11-14T18:29:45+08:00 level=info msg=load 8 groups bot=internal
time=2022-11-14T18:30:17+08:00 level=info msg=initializing modules ... bot=internal
time=2022-11-14T18:30:17+08:00 level=info msg=all modules initialized bot=internal
time=2022-11-14T18:30:17+08:00 level=info msg=registering modules serve functions ... bot=internal
time=2022-11-14T18:30:17+08:00 level=info msg=all modules serve functions registered bot=internal
time=2022-11-14T18:30:17+08:00 level=info msg=starting modules tasks ... bot=internal
time=2022-11-14T18:30:17+08:00 level=info msg=tasks running bot=internal
time=2022-11-14T18:30:18+08:00 level=warning msg=登录需要滑条验证码, 请使用手机QQ扫描二维码以继续登录. bot=internal
time=2022-11-14T18:30:18+08:00 level=info msg=请使用手机QQ扫描二维码 (qrcode.png) :  bot=internal
time=2022-11-14T18:30:28+08:00 level=info msg=扫码成功, 请在手机端确认登录. bot=internal
time=2022-11-14T18:30:36+08:00 level=info msg=start reload friends list bot=internal
time=2022-11-14T18:30:37+08:00 level=info msg=load 38 friends bot=internal
time=2022-11-14T18:30:37+08:00 level=info msg=start reload groups list bot=internal
time=2022-11-14T18:30:37+08:00 level=info msg=load 8 groups bot=internal
time=2022-11-14T19:22:11+08:00 level=info msg=initializing modules ... bot=internal
time=2022-11-14T19:22:11+08:00 level=info msg=all modules initialized bot=internal
time=2022-11-14T19:22:11+08:00 level=info msg=registering modules serve functions ... bot=internal
time=2022-11-14T19:22:11+08:00 level=info msg=all modules serve functions registered bot=internal
time=2022-11-14T19:22:11+08:00 level=info msg=starting modules tasks ... bot=internal
time=2022-11-14T19:22:11+08:00 level=info msg=tasks running bot=internal
time=2022-11-14T19:22:11+08:00 level=warning msg=登录需要滑条验证码, 请使用手机QQ扫描二维码以继续登录. bot=internal
time=2022-11-14T19:22:12+08:00 level=info msg=请使用手机QQ扫描二维码 (qrcode.png) :  bot=internal
time=2022-11-14T19:22:26+08:00 level=info msg=扫码成功, 请在手机端确认登录. bot=internal
time=2022-11-14T19:22:35+08:00 level=info msg=start reload friends list bot=internal
time=2022-11-14T19:22:35+08:00 level=info msg=load 38 friends bot=internal
time=2022-11-14T19:22:35+08:00 level=info msg=start reload groups list bot=internal
time=2022-11-14T19:22:36+08:00 level=info msg=load 8 groups bot=internal
time=2022-11-14T20:07:44+08:00 level=info msg=initializing modules ... bot=internal
time=2022-11-14T20:07:44+08:00 level=info msg=all modules initialized bot=internal
time=2022-11-14T20:07:44+08:00 level=info msg=registering modules serve functions ... bot=internal
time=2022-11-14T20:07:44+08:00 level=info msg=all modules serve functions registered bot=internal
time=2022-11-14T20:07:44+08:00 level=info msg=starting modules tasks ... bot=internal
time=2022-11-14T20:07:44+08:00 level=info msg=tasks running bot=internal
time=2022-11-14T20:07:45+08:00 level=warning msg=登录需要滑条验证码, 请使用手机QQ扫描二维码以继续登录. bot=internal
time=2022-11-14T20:07:45+08:00 level=info msg=请使用手机QQ扫描二维码 (qrcode.png) :  bot=internal
time=2022-11-14T20:08:09+08:00 level=info msg=扫码成功, 请在手机端确认登录. bot=internal
time=2022-11-14T20:08:16+08:00 level=info msg=start reload friends list bot=internal
time=2022-11-14T20:08:16+08:00 level=info msg=load 38 friends bot=internal
time=2022-11-14T20:08:16+08:00 level=info msg=start reload groups list bot=internal
time=2022-11-14T20:08:17+08:00 level=info msg=load 8 groups bot=internal
time=2022-11-14T20:08:47+08:00 level=info msg=initializing modules ... bot=internal
time=2022-11-14T20:08:47+08:00 level=info msg=all modules initialized bot=internal
time=2022-11-14T20:08:47+08:00 level=info msg=registering modules serve functions ... bot=internal
time=2022-11-14T20:08:47+08:00 level=info msg=all modules serve functions registered bot=internal
time=2022-11-14T20:08:47+08:00 level=info msg=starting modules tasks ... bot=internal
time=2022-11-14T20:08:47+08:00 level=info msg=tasks running bot=internal
time=2022-11-14T20:08:47+08:00 level=warning msg=登录需要滑条验证码, 请使用手机QQ扫描二维码以继续登录. bot=internal
time=2022-11-14T20:08:48+08:00 level=info msg=请使用手机QQ扫描二维码 (qrcode.png) :  bot=internal
time=2022-11-14T20:08:56+08:00 level=info msg=扫码成功, 请在手机端确认登录. bot=internal
time=2022-11-14T20:09:03+08:00 level=info msg=start reload friends list bot=internal
time=2022-11-14T20:09:03+08:00 level=info msg=load 38 friends bot=internal
time=2022-11-14T20:09:03+08:00 level=info msg=start reload groups list bot=internal
time=2022-11-14T20:09:04+08:00 level=info msg=load 8 groups bot=internal
time=2022-11-14T20:11:02+08:00 level=info msg=initializing modules ... bot=internal
time=2022-11-14T20:11:02+08:00 level=info msg=all modules initialized bot=internal
time=2022-11-14T20:11:02+08:00 level=info msg=registering modules serve functions ... bot=internal
time=2022-11-14T20:11:02+08:00 level=info msg=all modules serve functions registered bot=internal
time=2022-11-14T20:11:02+08:00 level=info msg=starting modules tasks ... bot=internal
time=2022-11-14T20:11:02+08:00 level=info msg=tasks running bot=internal
time=2022-11-14T20:11:02+08:00 level=warning msg=登录需要滑条验证码, 请使用手机QQ扫描二维码以继续登录. bot=internal
time=2022-11-14T20:11:03+08:00 level=info msg=请使用手机QQ扫描二维码 (qrcode.png) :  bot=internal
time=2022-11-14T20:11:13+08:00 level=info msg=扫码成功, 请在手机端确认登录. bot=internal
time=2022-11-14T20:11:22+08:00 level=info msg=start reload friends list bot=internal
time=2022-11-14T20:11:22+08:00 level=info msg=load 38 friends bot=internal
time=2022-11-14T20:11:22+08:00 level=info msg=start reload groups list bot=internal
time=2022-11-14T20:11:23+08:00 level=info msg=load 8 groups bot=internal
time=2022-11-14T20:13:19+08:00 level=info msg=initializing modules ... bot=internal
time=2022-11-14T20:13:19+08:00 level=info msg=all modules initialized bot=internal
time=2022-11-14T20:13:19+08:00 level=info msg=registering modules serve functions ... bot=internal
time=2022-11-14T20:13:19+08:00 level=info msg=all modules serve functions registered bot=internal
time=2022-11-14T20:13:19+08:00 level=info msg=starting modules tasks ... bot=internal
time=2022-11-14T20:13:19+08:00 level=info msg=tasks running bot=internal
time=2022-11-14T20:13:19+08:00 level=warning msg=登录需要滑条验证码, 请使用手机QQ扫描二维码以继续登录. bot=internal
time=2022-11-14T20:13:20+08:00 level=info msg=请使用手机QQ扫描二维码 (qrcode.png) :  bot=internal
time=2022-11-14T20:13:27+08:00 level=info msg=扫码成功, 请在手机端确认登录. bot=internal
time=2022-11-14T20:13:35+08:00 level=info msg=start reload friends list bot=internal
time=2022-11-14T20:13:35+08:00 level=info msg=load 38 friends bot=internal
time=2022-11-14T20:13:35+08:00 level=info msg=start reload groups list bot=internal
time=2022-11-14T20:13:36+08:00 level=info msg=load 8 groups bot=internal
time=2022-11-14T20:27:58+08:00 level=info msg=initializing modules ... bot=internal
time=2022-11-14T20:27:58+08:00 level=info msg=all modules initialized bot=internal
time=2022-11-14T20:27:58+08:00 level=info msg=registering modules serve functions ... bot=internal
time=2022-11-14T20:27:58+08:00 level=info msg=all modules serve functions registered bot=internal
time=2022-11-14T20:27:58+08:00 level=info msg=starting modules tasks ... bot=internal
time=2022-11-14T20:27:58+08:00 level=info msg=tasks running bot=internal
time=2022-11-14T20:27:58+08:00 level=warning msg=登录需要滑条验证码, 请使用手机QQ扫描二维码以继续登录. bot=internal
time=2022-11-14T20:27:59+08:00 level=info msg=请使用手机QQ扫描二维码 (qrcode.png) :  bot=internal
time=2022-11-14T20:28:11+08:00 level=info msg=扫码成功, 请在手机端确认登录. bot=internal
time=2022-11-14T20:28:20+08:00 level=info msg=start reload friends list bot=internal
time=2022-11-14T20:28:20+08:00 level=info msg=load 38 friends bot=internal
time=2022-11-14T20:28:20+08:00 level=info msg=start reload groups list bot=internal
time=2022-11-14T20:28:20+08:00 level=info msg=load 8 groups bot=internal
time=2022-11-14T20:28:47+08:00 level=info msg=initializing modules ... bot=internal
time=2022-11-14T20:28:47+08:00 level=info msg=all modules initialized bot=internal
time=2022-11-14T20:28:47+08:00 level=info msg=registering modules serve functions ... bot=internal
time=2022-11-14T20:28:47+08:00 level=info msg=all modules serve functions registered bot=internal
time=2022-11-14T20:28:47+08:00 level=info msg=starting modules tasks ... bot=internal
time=2022-11-14T20:28:47+08:00 level=info msg=tasks running bot=internal
time=2022-11-14T20:28:47+08:00 level=warning msg=登录需要滑条验证码, 请使用手机QQ扫描二维码以继续登录. bot=internal
time=2022-11-14T20:28:48+08:00 level=info msg=请使用手机QQ扫描二维码 (qrcode.png) :  bot=internal
time=2022-11-14T20:29:51+08:00 level=info msg=initializing modules ... bot=internal
time=2022-11-14T20:29:51+08:00 level=info msg=all modules initialized bot=internal
time=2022-11-14T20:29:51+08:00 level=info msg=registering modules serve functions ... bot=internal
time=2022-11-14T20:29:51+08:00 level=info msg=all modules serve functions registered bot=internal
time=2022-11-14T20:29:51+08:00 level=info msg=starting modules tasks ... bot=internal
time=2022-11-14T20:29:51+08:00 level=info msg=tasks running bot=internal
time=2022-11-14T20:29:51+08:00 level=warning msg=登录需要滑条验证码, 请使用手机QQ扫描二维码以继续登录. bot=internal
time=2022-11-14T20:29:52+08:00 level=info msg=请使用手机QQ扫描二维码 (qrcode.png) :  bot=internal
time=2022-11-14T20:30:02+08:00 level=info msg=扫码成功, 请在手机端确认登录. bot=internal
time=2022-11-14T20:30:09+08:00 level=info msg=start reload friends list bot=internal
time=2022-11-14T20:30:09+08:00 level=info msg=load 38 friends bot=internal
time=2022-11-14T20:30:09+08:00 level=info msg=start reload groups list bot=internal
time=2022-11-14T20:30:10+08:00 level=info msg=load 8 groups bot=internal
time=2022-11-14T20:31:43+08:00 level=info msg=initializing modules ... bot=internal
time=2022-11-14T20:31:43+08:00 level=info msg=all modules initialized bot=internal
time=2022-11-14T20:31:43+08:00 level=info msg=registering modules serve functions ... bot=internal
time=2022-11-14T20:31:43+08:00 level=info msg=all modules serve functions registered bot=internal
time=2022-11-14T20:31:43+08:00 level=info msg=starting modules tasks ... bot=internal
time=2022-11-14T20:31:43+08:00 level=info msg=tasks running bot=internal
time=2022-11-14T20:31:43+08:00 level=warning msg=登录需要滑条验证码, 请使用手机QQ扫描二维码以继续登录. bot=internal
time=2022-11-14T20:31:44+08:00 level=info msg=请使用手机QQ扫描二维码 (qrcode.png) :  bot=internal
time=2022-11-14T20:31:53+08:00 level=info msg=扫码成功, 请在手机端确认登录. bot=internal
time=2022-11-14T20:32:02+08:00 level=info msg=start reload friends list bot=internal
time=2022-11-14T20:32:02+08:00 level=info msg=load 38 friends bot=internal
time=2022-11-14T20:32:02+08:00 level=info msg=start reload groups list bot=internal
time=2022-11-14T20:32:03+08:00 level=info msg=load 8 groups bot=internal
time=2022-11-14T20:37:42+08:00 level=info msg=initializing modules ... bot=internal
time=2022-11-14T20:37:42+08:00 level=info msg=all modules initialized bot=internal
time=2022-11-14T20:37:42+08:00 level=info msg=registering modules serve functions ... bot=internal
time=2022-11-14T20:37:42+08:00 level=info msg=all modules serve functions registered bot=internal
time=2022-11-14T20:37:42+08:00 level=info msg=starting modules tasks ... bot=internal
time=2022-11-14T20:37:42+08:00 level=info msg=tasks running bot=internal
time=2022-11-14T20:37:42+08:00 level=warning msg=登录需要滑条验证码, 请使用手机QQ扫描二维码以继续登录. bot=internal
time=2022-11-14T20:37:43+08:00 level=info msg=请使用手机QQ扫描二维码 (qrcode.png) :  bot=internal
time=2022-11-14T20:38:03+08:00 level=info msg=扫码成功, 请在手机端确认登录. bot=internal
time=2022-11-14T20:38:10+08:00 level=info msg=start reload friends list bot=internal
time=2022-11-14T20:38:10+08:00 level=info msg=load 38 friends bot=internal
time=2022-11-14T20:38:10+08:00 level=info msg=start reload groups list bot=internal
time=2022-11-14T20:38:11+08:00 level=info msg=load 8 groups bot=internal
time=2022-11-14T20:48:50+08:00 level=info msg=initializing modules ... bot=internal
time=2022-11-14T20:48:50+08:00 level=info msg=all modules initialized bot=internal
time=2022-11-14T20:48:50+08:00 level=info msg=registering modules serve functions ... bot=internal
time=2022-11-14T20:48:50+08:00 level=info msg=all modules serve functions registered bot=internal
time=2022-11-14T20:48:50+08:00 level=info msg=starting modules tasks ... bot=internal
time=2022-11-14T20:48:50+08:00 level=info msg=tasks running bot=internal
time=2022-11-14T20:48:50+08:00 level=warning msg=登录需要滑条验证码, 请使用手机QQ扫描二维码以继续登录. bot=internal
time=2022-11-14T20:48:51+08:00 level=info msg=请使用手机QQ扫描二维码 (qrcode.png) :  bot=internal
time=2022-11-14T20:49:05+08:00 level=info msg=扫码成功, 请在手机端确认登录. bot=internal
time=2022-11-14T20:49:14+08:00 level=info msg=start reload friends list bot=internal
time=2022-11-14T20:49:14+08:00 level=info msg=load 38 friends bot=internal
time=2022-11-14T20:49:14+08:00 level=info msg=start reload groups list bot=internal
time=2022-11-14T20:49:15+08:00 level=info msg=load 8 groups bot=internal
time=2022-11-14T21:11:11+08:00 level=info msg=initializing modules ... bot=internal
time=2022-11-14T21:11:11+08:00 level=info msg=all modules initialized bot=internal
time=2022-11-14T21:11:11+08:00 level=info msg=registering modules serve functions ... bot=internal
time=2022-11-14T21:11:11+08:00 level=info msg=all modules serve functions registered bot=internal
time=2022-11-14T21:11:11+08:00 level=info msg=starting modules tasks ... bot=internal
time=2022-11-14T21:11:11+08:00 level=info msg=tasks running bot=internal
time=2022-11-14T21:11:11+08:00 level=warning msg=登录需要滑条验证码, 请使用手机QQ扫描二维码以继续登录. bot=internal
time=2022-11-14T21:11:12+08:00 level=info msg=请使用手机QQ扫描二维码 (qrcode.png) :  bot=internal
time=2022-11-14T21:11:34+08:00 level=info msg=扫码成功, 请在手机端确认登录. bot=internal
time=2022-11-14T21:11:42+08:00 level=info msg=start reload friends list bot=internal
time=2022-11-14T21:11:42+08:00 level=info msg=load 38 friends bot=internal
time=2022-11-14T21:11:42+08:00 level=info msg=start reload groups list bot=internal
time=2022-11-14T21:11:42+08:00 level=info msg=load 8 groups bot=internal
time=2022-11-14T21:13:29+08:00 level=info msg=initializing modules ... bot=internal
time=2022-11-14T21:13:29+08:00 level=info msg=all modules initialized bot=internal
time=2022-11-14T21:13:29+08:00 level=info msg=registering modules serve functions ... bot=internal
time=2022-11-14T21:13:29+08:00 level=info msg=all modules serve functions registered bot=internal
time=2022-11-14T21:13:29+08:00 level=info msg=starting modules tasks ... bot=internal
time=2022-11-14T21:13:29+08:00 level=info msg=tasks running bot=internal
time=2022-11-14T21:13:30+08:00 level=warning msg=登录需要滑条验证码, 请使用手机QQ扫描二维码以继续登录. bot=internal
time=2022-11-14T21:13:30+08:00 level=info msg=请使用手机QQ扫描二维码 (qrcode.png) :  bot=internal
time=2022-11-14T21:13:48+08:00 level=info msg=扫码成功, 请在手机端确认登录. bot=internal
time=2022-11-14T21:13:56+08:00 level=info msg=start reload friends list bot=internal
time=2022-11-14T21:13:56+08:00 level=info msg=load 38 friends bot=internal
time=2022-11-14T21:13:56+08:00 level=info msg=start reload groups list bot=internal
time=2022-11-14T21:13:57+08:00 level=info msg=load 8 groups bot=internal
time=2022-11-14T21:43:37+08:00 level=info msg=initializing modules ... bot=internal
time=2022-11-14T21:43:37+08:00 level=info msg=all modules initialized bot=internal
time=2022-11-14T21:43:37+08:00 level=info msg=registering modules serve functions ... bot=internal
time=2022-11-14T21:43:37+08:00 level=info msg=all modules serve functions registered bot=internal
time=2022-11-14T21:43:37+08:00 level=info msg=starting modules tasks ... bot=internal
time=2022-11-14T21:43:37+08:00 level=info msg=tasks running bot=internal
time=2022-11-14T21:43:40+08:00 level=warning msg=登录需要滑条验证码, 请使用手机QQ扫描二维码以继续登录. bot=internal
time=2022-11-14T21:43:40+08:00 level=info msg=请使用手机QQ扫描二维码 (qrcode.png) :  bot=internal
time=2022-11-14T21:44:03+08:00 level=fatal msg=扫码被用户取消. bot=internal
time=2022-11-14T21:44:20+08:00 level=info msg=initializing modules ... bot=internal
time=2022-11-14T21:44:20+08:00 level=info msg=all modules initialized bot=internal
time=2022-11-14T21:44:20+08:00 level=info msg=registering modules serve functions ... bot=internal
time=2022-11-14T21:44:20+08:00 level=info msg=all modules serve functions registered bot=internal
time=2022-11-14T21:44:20+08:00 level=info msg=starting modules tasks ... bot=internal
time=2022-11-14T21:44:20+08:00 level=info msg=tasks running bot=internal
time=2022-11-14T21:44:20+08:00 level=warning msg=登录需要滑条验证码, 请使用手机QQ扫描二维码以继续登录. bot=internal
time=2022-11-14T21:44:21+08:00 level=info msg=请使用手机QQ扫描二维码 (qrcode.png) :  bot=internal
time=2022-11-14T21:44:27+08:00 level=info msg=扫码成功, 请在手机端确认登录. bot=internal
time=2022-11-14T21:44:36+08:00 level=info msg=start reload friends list bot=internal
time=2022-11-14T21:44:36+08:00 level=info msg=load 38 friends bot=internal
time=2022-11-14T21:44:36+08:00 level=info msg=start reload groups list bot=internal
time=2022-11-14T21:44:36+08:00 level=info msg=load 8 groups bot=internal
time=2022-11-14T22:04:44+08:00 level=info msg=initializing modules ... bot=internal
time=2022-11-14T22:04:44+08:00 level=info msg=all modules initialized bot=internal
time=2022-11-14T22:04:44+08:00 level=info msg=registering modules serve functions ... bot=internal
time=2022-11-14T22:04:44+08:00 level=info msg=all modules serve functions registered bot=internal
time=2022-11-14T22:04:44+08:00 level=info msg=starting modules tasks ... bot=internal
time=2022-11-14T22:04:44+08:00 level=info msg=tasks running bot=internal
time=2022-11-14T22:04:44+08:00 level=warning msg=登录需要滑条验证码, 请使用手机QQ扫描二维码以继续登录. bot=internal
time=2022-11-14T22:04:45+08:00 level=info msg=请使用手机QQ扫描二维码 (qrcode.png) :  bot=internal
time=2022-11-14T22:04:56+08:00 level=info msg=扫码成功, 请在手机端确认登录. bot=internal
time=2022-11-14T22:05:04+08:00 level=info msg=start reload friends list bot=internal
time=2022-11-14T22:05:04+08:00 level=info msg=load 38 friends bot=internal
time=2022-11-14T22:05:04+08:00 level=info msg=start reload groups list bot=internal
time=2022-11-14T22:05:05+08:00 level=info msg=load 8 groups bot=internal
time=2022-11-14T22:06:24+08:00 level=info msg=initializing modules ... bot=internal
time=2022-11-14T22:06:24+08:00 level=info msg=all modules initialized bot=internal
time=2022-11-14T22:06:24+08:00 level=info msg=registering modules serve functions ... bot=internal
time=2022-11-14T22:06:24+08:00 level=info msg=all modules serve functions registered bot=internal
time=2022-11-14T22:06:24+08:00 level=info msg=starting modules tasks ... bot=internal
time=2022-11-14T22:06:24+08:00 level=info msg=tasks running bot=internal
time=2022-11-14T22:06:24+08:00 level=warning msg=登录需要滑条验证码, 请使用手机QQ扫描二维码以继续登录. bot=internal
time=2022-11-14T22:06:25+08:00 level=info msg=请使用手机QQ扫描二维码 (qrcode.png) :  bot=internal
time=2022-11-14T22:06:40+08:00 level=info msg=扫码成功, 请在手机端确认登录. bot=internal
time=2022-11-14T22:06:48+08:00 level=info msg=start reload friends list bot=internal
time=2022-11-14T22:06:48+08:00 level=info msg=load 38 friends bot=internal
time=2022-11-14T22:06:48+08:00 level=info msg=start reload groups list bot=internal
time=2022-11-14T22:06:48+08:00 level=info msg=load 8 groups bot=internal
time=2022-11-14T22:09:23+08:00 level=info msg=initializing modules ... bot=internal
time=2022-11-14T22:09:23+08:00 level=info msg=all modules initialized bot=internal
time=2022-11-14T22:09:23+08:00 level=info msg=registering modules serve functions ... bot=internal
time=2022-11-14T22:09:23+08:00 level=info msg=all modules serve functions registered bot=internal
time=2022-11-14T22:09:23+08:00 level=info msg=starting modules tasks ... bot=internal
time=2022-11-14T22:09:23+08:00 level=info msg=tasks running bot=internal
time=2022-11-14T22:09:23+08:00 level=warning msg=登录需要滑条验证码, 请使用手机QQ扫描二维码以继续登录. bot=internal
time=2022-11-14T22:09:24+08:00 level=info msg=请使用手机QQ扫描二维码 (qrcode.png) :  bot=internal
time=2022-11-14T22:09:38+08:00 level=info msg=扫码成功, 请在手机端确认登录. bot=internal
time=2022-11-14T22:09:47+08:00 level=info msg=start reload friends list bot=internal
time=2022-11-14T22:09:47+08:00 level=info msg=load 38 friends bot=internal
time=2022-11-14T22:09:47+08:00 level=info msg=start reload groups list bot=internal
time=2022-11-14T22:09:47+08:00 level=info msg=load 8 groups bot=internal
time=2022-11-14T23:33:59+08:00 level=info msg=initializing modules ... bot=internal
time=2022-11-14T23:33:59+08:00 level=info msg=all modules initialized bot=internal
time=2022-11-14T23:33:59+08:00 level=info msg=registering modules serve functions ... bot=internal
time=2022-11-14T23:33:59+08:00 level=info msg=all modules serve functions registered bot=internal
time=2022-11-14T23:33:59+08:00 level=info msg=starting modules tasks ... bot=internal
time=2022-11-14T23:33:59+08:00 level=info msg=tasks running bot=internal
time=2022-11-14T23:33:59+08:00 level=warning msg=登录需要滑条验证码, 请使用手机QQ扫描二维码以继续登录. bot=internal
time=2022-11-14T23:33:59+08:00 level=info msg=请使用手机QQ扫描二维码 (qrcode.png) :  bot=internal
time=2022-11-14T23:34:32+08:00 level=info msg=扫码成功, 请在手机端确认登录. bot=internal
time=2022-11-14T23:34:39+08:00 level=info msg=start reload friends list bot=internal
time=2022-11-14T23:34:39+08:00 level=info msg=load 38 friends bot=internal
time=2022-11-14T23:34:39+08:00 level=info msg=start reload groups list bot=internal
time=2022-11-14T23:34:40+08:00 level=info msg=load 8 groups bot=internal
time=2022-11-14T23:34:57+08:00 level=info msg=initializing modules ... bot=internal
time=2022-11-14T23:34:57+08:00 level=info msg=all modules initialized bot=internal
time=2022-11-14T23:34:57+08:00 level=info msg=registering modules serve functions ... bot=internal
time=2022-11-14T23:34:57+08:00 level=info msg=all modules serve functions registered bot=internal
time=2022-11-14T23:34:57+08:00 level=info msg=starting modules tasks ... bot=internal
time=2022-11-14T23:34:57+08:00 level=info msg=tasks running bot=internal
time=2022-11-14T23:34:57+08:00 level=warning msg=登录需要滑条验证码, 请使用手机QQ扫描二维码以继续登录. bot=internal
time=2022-11-14T23:34:58+08:00 level=info msg=请使用手机QQ扫描二维码 (qrcode.png) :  bot=internal
time=2022-11-14T23:36:19+08:00 level=info msg=initializing modules ... bot=internal
time=2022-11-14T23:36:19+08:00 level=info msg=all modules initialized bot=internal
time=2022-11-14T23:36:19+08:00 level=info msg=registering modules serve functions ... bot=internal
time=2022-11-14T23:36:19+08:00 level=info msg=all modules serve functions registered bot=internal
time=2022-11-14T23:36:19+08:00 level=info msg=starting modules tasks ... bot=internal
time=2022-11-14T23:36:19+08:00 level=info msg=tasks running bot=internal
time=2022-11-14T23:36:19+08:00 level=info msg=检测到会话缓存, 尝试快速恢复登录 bot=internal
time=2022-11-14T23:36:19+08:00 level=info msg=检测到会话缓存, 尝试快速恢复登录 bot=internal
time=2022-11-14T23:36:19+08:00 level=warning msg=bot disconnected from=Disconnected module=internal.logging reason=你的QQ号于16:58在【mirai】设备登录，当前设备已下线。如果这不是你本人操作，那么你的QQ密码可能已经泄露，请尽快重新登录并修改密码。
time=2022-11-14T23:36:20+08:00 level=warning msg=failed restore session by token, fallback to common or qrcode bot=internal error=恢复会话失败(token failed)
time=2022-11-14T23:36:20+08:00 level=info msg=start reload friends list bot=internal
time=2022-11-14T23:36:20+08:00 level=error msg=unable to load friends list bot=internal error=Packet failed to sendPacket: connection closed
time=2022-11-14T23:36:20+08:00 level=info msg=load 0 friends bot=internal
time=2022-11-14T23:36:20+08:00 level=info msg=start reload groups list bot=internal
time=2022-11-14T23:36:20+08:00 level=error msg=unable to load groups list bot=internal error=Packet failed to sendPacket: connection closed
time=2022-11-14T23:36:20+08:00 level=info msg=load 0 groups bot=internal
time=2022-11-14T23:37:03+08:00 level=info msg=initializing modules ... bot=internal
time=2022-11-14T23:37:03+08:00 level=info msg=all modules initialized bot=internal
time=2022-11-14T23:37:03+08:00 level=info msg=registering modules serve functions ... bot=internal
time=2022-11-14T23:37:03+08:00 level=info msg=all modules serve functions registered bot=internal
time=2022-11-14T23:37:03+08:00 level=info msg=starting modules tasks ... bot=internal
time=2022-11-14T23:37:03+08:00 level=info msg=tasks running bot=internal
time=2022-11-14T23:37:03+08:00 level=info msg=检测到会话缓存, 尝试快速恢复登录 bot=internal
time=2022-11-14T23:37:03+08:00 level=info msg=检测到会话缓存, 尝试快速恢复登录 bot=internal
time=2022-11-14T23:37:04+08:00 level=warning msg=bot disconnected from=Disconnected module=internal.logging reason=你的QQ号于16:58在【mirai】设备登录，当前设备已下线。如果这不是你本人操作，那么你的QQ密码可能已经泄露，请尽快重新登录并修改密码。
time=2022-11-14T23:37:05+08:00 level=warning msg=failed restore session by token, fallback to common or qrcode bot=internal error=恢复会话失败(token failed)
time=2022-11-14T23:37:05+08:00 level=info msg=start reload friends list bot=internal
time=2022-11-14T23:37:05+08:00 level=error msg=unable to load friends list bot=internal error=Packet failed to sendPacket: connection closed
time=2022-11-14T23:37:05+08:00 level=info msg=load 0 friends bot=internal
time=2022-11-14T23:37:05+08:00 level=info msg=start reload groups list bot=internal
time=2022-11-14T23:37:05+08:00 level=error msg=unable to load groups list bot=internal error=Packet failed to sendPacket: connection closed
time=2022-11-14T23:37:05+08:00 level=info msg=load 0 groups bot=internal
time=2022-11-14T23:37:13+08:00 level=info msg=initializing modules ... bot=internal
time=2022-11-14T23:37:13+08:00 level=info msg=all modules initialized bot=internal
time=2022-11-14T23:37:13+08:00 level=info msg=registering modules serve functions ... bot=internal
time=2022-11-14T23:37:13+08:00 level=info msg=all modules serve functions registered bot=internal
time=2022-11-14T23:37:13+08:00 level=info msg=starting modules tasks ... bot=internal
time=2022-11-14T23:37:13+08:00 level=info msg=tasks running bot=internal
time=2022-11-14T23:37:13+08:00 level=info msg=start reload friends list bot=internal
time=2022-11-14T23:37:13+08:00 level=error msg=unable to load friends list bot=internal error=Packet failed to sendPacket: connection closed
time=2022-11-14T23:37:13+08:00 level=info msg=load 0 friends bot=internal
time=2022-11-14T23:37:13+08:00 level=info msg=start reload groups list bot=internal
time=2022-11-14T23:37:13+08:00 level=error msg=unable to load groups list bot=internal error=Packet failed to sendPacket: connection closed
time=2022-11-14T23:37:13+08:00 level=info msg=load 0 groups bot=internal
time=2022-11-14T23:37:29+08:00 level=info msg=initializing modules ... bot=internal
time=2022-11-14T23:37:29+08:00 level=info msg=all modules initialized bot=internal
time=2022-11-14T23:37:29+08:00 level=info msg=registering modules serve functions ... bot=internal
time=2022-11-14T23:37:29+08:00 level=info msg=all modules serve functions registered bot=internal
time=2022-11-14T23:37:29+08:00 level=info msg=starting modules tasks ... bot=internal
time=2022-11-14T23:37:29+08:00 level=info msg=tasks running bot=internal
time=2022-11-14T23:37:29+08:00 level=warning msg=登录需要滑条验证码, 请使用手机QQ扫描二维码以继续登录. bot=internal
time=2022-11-14T23:37:30+08:00 level=info msg=请使用手机QQ扫描二维码 (qrcode.png) :  bot=internal
time=2022-11-14T23:37:42+08:00 level=info msg=扫码成功, 请在手机端确认登录. bot=internal
time=2022-11-14T23:37:49+08:00 level=info msg=start reload friends list bot=internal
time=2022-11-14T23:37:49+08:00 level=info msg=load 38 friends bot=internal
time=2022-11-14T23:37:49+08:00 level=info msg=start reload groups list bot=internal
time=2022-11-14T23:37:50+08:00 level=info msg=load 8 groups bot=internal
time=2022-11-14T23:52:48+08:00 level=info msg=initializing modules ... bot=internal
time=2022-11-14T23:52:48+08:00 level=info msg=all modules initialized bot=internal
time=2022-11-14T23:52:48+08:00 level=info msg=registering modules serve functions ... bot=internal
time=2022-11-14T23:52:48+08:00 level=info msg=all modules serve functions registered bot=internal
time=2022-11-14T23:52:48+08:00 level=info msg=starting modules tasks ... bot=internal
time=2022-11-14T23:52:48+08:00 level=info msg=tasks running bot=internal
time=2022-11-14T23:53:19+08:00 level=info msg=start reload friends list bot=internal
time=2022-11-14T23:53:19+08:00 level=error msg=unable to load friends list bot=internal error=Packet failed to sendPacket: connection closed
time=2022-11-14T23:53:19+08:00 level=info msg=load 0 friends bot=internal
time=2022-11-14T23:53:19+08:00 level=info msg=start reload groups list bot=internal
time=2022-11-14T23:53:19+08:00 level=error msg=unable to load groups list bot=internal error=Packet failed to sendPacket: connection closed
time=2022-11-14T23:53:19+08:00 level=info msg=load 0 groups bot=internal
time=2022-11-14T23:53:38+08:00 level=warning msg=bot disconnected from=Disconnected module=internal.logging reason=register error
