time=2022-11-15T00:02:22+08:00 level=info msg=initializing modules ... bot=internal
time=2022-11-15T00:02:22+08:00 level=info msg=all modules initialized bot=internal
time=2022-11-15T00:02:22+08:00 level=info msg=registering modules serve functions ... bot=internal
time=2022-11-15T00:02:22+08:00 level=info msg=all modules serve functions registered bot=internal
time=2022-11-15T00:02:22+08:00 level=info msg=starting modules tasks ... bot=internal
time=2022-11-15T00:02:22+08:00 level=info msg=tasks running bot=internal
time=2022-11-15T00:02:23+08:00 level=warning msg=登录需要滑条验证码, 请使用手机QQ扫描二维码以继续登录. bot=internal
time=2022-11-15T00:02:23+08:00 level=info msg=请使用手机QQ扫描二维码 (qrcode.png) :  bot=internal
time=2022-11-15T00:02:40+08:00 level=info msg=扫码成功, 请在手机端确认登录. bot=internal
time=2022-11-15T00:02:47+08:00 level=info msg=start reload friends list bot=internal
time=2022-11-15T00:02:48+08:00 level=info msg=load 38 friends bot=internal
time=2022-11-15T00:02:48+08:00 level=info msg=start reload groups list bot=internal
time=2022-11-15T00:02:48+08:00 level=info msg=load 8 groups bot=internal
time=2022-11-15T23:46:04+08:00 level=info msg=initializing modules ... bot=internal
time=2022-11-15T23:46:04+08:00 level=info msg=all modules initialized bot=internal
time=2022-11-15T23:46:04+08:00 level=info msg=registering modules serve functions ... bot=internal
time=2022-11-15T23:46:04+08:00 level=info msg=all modules serve functions registered bot=internal
time=2022-11-15T23:46:04+08:00 level=info msg=starting modules tasks ... bot=internal
time=2022-11-15T23:46:04+08:00 level=info msg=tasks running bot=internal
time=2022-11-15T23:46:04+08:00 level=warning msg=登录需要滑条验证码, 请使用手机QQ扫描二维码以继续登录. bot=internal
time=2022-11-15T23:46:04+08:00 level=info msg=请使用手机QQ扫描二维码 (qrcode.png) :  bot=internal
time=2022-11-15T23:46:20+08:00 level=fatal msg=扫码被用户取消. bot=internal
time=2022-11-15T23:46:34+08:00 level=info msg=initializing modules ... bot=internal
time=2022-11-15T23:46:34+08:00 level=info msg=all modules initialized bot=internal
time=2022-11-15T23:46:34+08:00 level=info msg=registering modules serve functions ... bot=internal
time=2022-11-15T23:46:34+08:00 level=info msg=all modules serve functions registered bot=internal
time=2022-11-15T23:46:34+08:00 level=info msg=starting modules tasks ... bot=internal
time=2022-11-15T23:46:34+08:00 level=info msg=tasks running bot=internal
time=2022-11-15T23:46:34+08:00 level=warning msg=登录需要滑条验证码, 请使用手机QQ扫描二维码以继续登录. bot=internal
time=2022-11-15T23:46:34+08:00 level=info msg=请使用手机QQ扫描二维码 (qrcode.png) :  bot=internal
time=2022-11-15T23:46:40+08:00 level=info msg=扫码成功, 请在手机端确认登录. bot=internal
time=2022-11-15T23:46:47+08:00 level=info msg=start reload friends list bot=internal
time=2022-11-15T23:46:47+08:00 level=info msg=load 38 friends bot=internal
time=2022-11-15T23:46:47+08:00 level=info msg=start reload groups list bot=internal
time=2022-11-15T23:46:48+08:00 level=info msg=load 8 groups bot=internal
time=2022-11-15T23:48:09+08:00 level=info msg=initializing modules ... bot=internal
time=2022-11-15T23:48:09+08:00 level=info msg=all modules initialized bot=internal
time=2022-11-15T23:48:09+08:00 level=info msg=registering modules serve functions ... bot=internal
time=2022-11-15T23:48:09+08:00 level=info msg=all modules serve functions registered bot=internal
time=2022-11-15T23:48:09+08:00 level=info msg=starting modules tasks ... bot=internal
time=2022-11-15T23:48:09+08:00 level=info msg=tasks running bot=internal
time=2022-11-15T23:48:09+08:00 level=warning msg=登录需要滑条验证码, 请使用手机QQ扫描二维码以继续登录. bot=internal
time=2022-11-15T23:48:14+08:00 level=info msg=请使用手机QQ扫描二维码 (qrcode.png) :  bot=internal
time=2022-11-15T23:48:33+08:00 level=info msg=扫码成功, 请在手机端确认登录. bot=internal
time=2022-11-15T23:48:41+08:00 level=info msg=start reload friends list bot=internal
time=2022-11-15T23:48:41+08:00 level=info msg=load 38 friends bot=internal
time=2022-11-15T23:48:41+08:00 level=info msg=start reload groups list bot=internal
time=2022-11-15T23:48:41+08:00 level=info msg=load 8 groups bot=internal
time=2022-11-15T23:56:02+08:00 level=info msg=initializing modules ... bot=internal
time=2022-11-15T23:56:02+08:00 level=info msg=all modules initialized bot=internal
time=2022-11-15T23:56:02+08:00 level=info msg=registering modules serve functions ... bot=internal
time=2022-11-15T23:56:02+08:00 level=info msg=all modules serve functions registered bot=internal
time=2022-11-15T23:56:02+08:00 level=info msg=starting modules tasks ... bot=internal
time=2022-11-15T23:56:02+08:00 level=info msg=tasks running bot=internal
time=2022-11-15T23:56:02+08:00 level=warning msg=登录需要滑条验证码, 请使用手机QQ扫描二维码以继续登录. bot=internal
time=2022-11-15T23:56:02+08:00 level=info msg=请使用手机QQ扫描二维码 (qrcode.png) :  bot=internal
time=2022-11-15T23:56:23+08:00 level=info msg=扫码成功, 请在手机端确认登录. bot=internal
time=2022-11-15T23:56:31+08:00 level=info msg=start reload friends list bot=internal
time=2022-11-15T23:56:31+08:00 level=info msg=load 38 friends bot=internal
time=2022-11-15T23:56:31+08:00 level=info msg=start reload groups list bot=internal
time=2022-11-15T23:56:31+08:00 level=info msg=load 8 groups bot=internal
